[0.185s] DEBUG:colcon:Command line arguments: ['/usr/bin/colcon', 'build', '--symlink-install', '--packages-select', 'beginner']
[0.186s] DEBUG:colcon:Parsed command line arguments: Namespace(ament_cmake_args=None, base_paths=['.'], build_base='build', catkin_cmake_args=None, catkin_skip_building_tests=False, cmake_args=None, cmake_clean_cache=False, cmake_clean_first=False, cmake_force_configure=False, cmake_target=None, cmake_target_skip_unavailable=False, continue_on_error=False, event_handlers=None, executor='parallel', ignore_user_meta=False, install_base='install', log_base=None, log_level=None, main=<bound method BuildVerb.main of <colcon_core.verb.build.BuildVerb object at 0x7f8469d03390>>, merge_install=False, metas=['./colcon.meta'], packages_above=None, packages_above_and_dependencies=None, packages_above_depth=None, packages_end=None, packages_ignore=None, packages_ignore_regex=None, packages_select=['beginner'], packages_select_build_failed=False, packages_select_by_dep=None, packages_select_regex=None, packages_select_test_failures=False, packages_skip=None, packages_skip_build_finished=False, packages_skip_by_dep=None, packages_skip_regex=None, packages_skip_test_passed=False, packages_skip_up_to=None, packages_start=None, packages_up_to=None, packages_up_to_regex=None, parallel_workers=8, paths=None, symlink_install=True, test_result_base=None, verb_extension=<colcon_core.verb.build.BuildVerb object at 0x7f8469d03390>, verb_name='build', verb_parser=<colcon_defaults.argument_parser.defaults.DefaultArgumentsDecorator object at 0x7f8469d03710>)
[0.207s] Level 1:colcon.colcon_core.package_discovery:discover_packages(colcon_meta) check parameters
[0.207s] Level 1:colcon.colcon_core.package_discovery:discover_packages(recursive) check parameters
[0.207s] Level 1:colcon.colcon_core.package_discovery:discover_packages(ignore) check parameters
[0.207s] Level 1:colcon.colcon_core.package_discovery:discover_packages(path) check parameters
[0.207s] Level 1:colcon.colcon_core.package_discovery:discover_packages(colcon_meta) discover
[0.208s] Level 1:colcon.colcon_core.package_discovery:discover_packages(recursive) discover
[0.208s] INFO:colcon.colcon_core.package_discovery:Crawling recursively for packages in '/home/khshih/self_driving_cars_ros2'
[0.208s] Level 1:colcon.colcon_core.package_identification:_identify(.) by extensions ['ignore', 'ignore_ament_install']
[0.208s] Level 1:colcon.colcon_core.package_identification:_identify(.) by extension 'ignore'
[0.208s] Level 1:colcon.colcon_core.package_identification:_identify(.) by extension 'ignore_ament_install'
[0.208s] Level 1:colcon.colcon_core.package_identification:_identify(.) by extensions ['colcon_pkg']
[0.208s] Level 1:colcon.colcon_core.package_identification:_identify(.) by extension 'colcon_pkg'
[0.208s] Level 1:colcon.colcon_core.package_identification:_identify(.) by extensions ['colcon_meta']
[0.208s] Level 1:colcon.colcon_core.package_identification:_identify(.) by extension 'colcon_meta'
[0.208s] Level 1:colcon.colcon_core.package_identification:_identify(.) by extensions ['ros']
[0.208s] Level 1:colcon.colcon_core.package_identification:_identify(.) by extension 'ros'
[0.220s] Level 1:colcon.colcon_core.package_identification:_identify(.) by extensions ['cmake', 'python']
[0.220s] Level 1:colcon.colcon_core.package_identification:_identify(.) by extension 'cmake'
[0.220s] Level 1:colcon.colcon_core.package_identification:_identify(.) by extension 'python'
[0.220s] Level 1:colcon.colcon_core.package_identification:_identify(.) by extensions ['python_setup_py']
[0.220s] Level 1:colcon.colcon_core.package_identification:_identify(.) by extension 'python_setup_py'
[0.221s] Level 1:colcon.colcon_core.package_identification:_identify(build) by extensions ['ignore', 'ignore_ament_install']
[0.221s] Level 1:colcon.colcon_core.package_identification:_identify(build) by extension 'ignore'
[0.221s] Level 1:colcon.colcon_core.package_identification:_identify(build) ignored
[0.221s] Level 1:colcon.colcon_core.package_identification:_identify(install) by extensions ['ignore', 'ignore_ament_install']
[0.221s] Level 1:colcon.colcon_core.package_identification:_identify(install) by extension 'ignore'
[0.221s] Level 1:colcon.colcon_core.package_identification:_identify(install) ignored
[0.221s] Level 1:colcon.colcon_core.package_identification:_identify(log) by extensions ['ignore', 'ignore_ament_install']
[0.222s] Level 1:colcon.colcon_core.package_identification:_identify(log) by extension 'ignore'
[0.222s] Level 1:colcon.colcon_core.package_identification:_identify(log) ignored
[0.222s] Level 1:colcon.colcon_core.package_identification:_identify(src) by extensions ['ignore', 'ignore_ament_install']
[0.222s] Level 1:colcon.colcon_core.package_identification:_identify(src) by extension 'ignore'
[0.222s] Level 1:colcon.colcon_core.package_identification:_identify(src) by extension 'ignore_ament_install'
[0.222s] Level 1:colcon.colcon_core.package_identification:_identify(src) by extensions ['colcon_pkg']
[0.222s] Level 1:colcon.colcon_core.package_identification:_identify(src) by extension 'colcon_pkg'
[0.222s] Level 1:colcon.colcon_core.package_identification:_identify(src) by extensions ['colcon_meta']
[0.222s] Level 1:colcon.colcon_core.package_identification:_identify(src) by extension 'colcon_meta'
[0.222s] Level 1:colcon.colcon_core.package_identification:_identify(src) by extensions ['ros']
[0.222s] Level 1:colcon.colcon_core.package_identification:_identify(src) by extension 'ros'
[0.222s] Level 1:colcon.colcon_core.package_identification:_identify(src) by extensions ['cmake', 'python']
[0.223s] Level 1:colcon.colcon_core.package_identification:_identify(src) by extension 'cmake'
[0.223s] Level 1:colcon.colcon_core.package_identification:_identify(src) by extension 'python'
[0.223s] Level 1:colcon.colcon_core.package_identification:_identify(src) by extensions ['python_setup_py']
[0.223s] Level 1:colcon.colcon_core.package_identification:_identify(src) by extension 'python_setup_py'
[0.223s] Level 1:colcon.colcon_core.package_identification:_identify(src/beginner) by extensions ['ignore', 'ignore_ament_install']
[0.223s] Level 1:colcon.colcon_core.package_identification:_identify(src/beginner) by extension 'ignore'
[0.223s] Level 1:colcon.colcon_core.package_identification:_identify(src/beginner) by extension 'ignore_ament_install'
[0.223s] Level 1:colcon.colcon_core.package_identification:_identify(src/beginner) by extensions ['colcon_pkg']
[0.223s] Level 1:colcon.colcon_core.package_identification:_identify(src/beginner) by extension 'colcon_pkg'
[0.223s] Level 1:colcon.colcon_core.package_identification:_identify(src/beginner) by extensions ['colcon_meta']
[0.223s] Level 1:colcon.colcon_core.package_identification:_identify(src/beginner) by extension 'colcon_meta'
[0.223s] Level 1:colcon.colcon_core.package_identification:_identify(src/beginner) by extensions ['ros']
[0.223s] Level 1:colcon.colcon_core.package_identification:_identify(src/beginner) by extension 'ros'
[0.226s] DEBUG:colcon.colcon_core.package_identification:Package 'src/beginner' with type 'ros.ament_cmake' and name 'beginner'
[0.226s] Level 1:colcon.colcon_core.package_identification:_identify(src/py_pubsub) by extensions ['ignore', 'ignore_ament_install']
[0.226s] Level 1:colcon.colcon_core.package_identification:_identify(src/py_pubsub) by extension 'ignore'
[0.226s] Level 1:colcon.colcon_core.package_identification:_identify(src/py_pubsub) by extension 'ignore_ament_install'
[0.226s] Level 1:colcon.colcon_core.package_identification:_identify(src/py_pubsub) by extensions ['colcon_pkg']
[0.226s] Level 1:colcon.colcon_core.package_identification:_identify(src/py_pubsub) by extension 'colcon_pkg'
[0.226s] Level 1:colcon.colcon_core.package_identification:_identify(src/py_pubsub) by extensions ['colcon_meta']
[0.226s] Level 1:colcon.colcon_core.package_identification:_identify(src/py_pubsub) by extension 'colcon_meta'
[0.226s] Level 1:colcon.colcon_core.package_identification:_identify(src/py_pubsub) by extensions ['ros']
[0.226s] Level 1:colcon.colcon_core.package_identification:_identify(src/py_pubsub) by extension 'ros'
[0.227s] DEBUG:colcon.colcon_core.package_identification:Package 'src/py_pubsub' with type 'ros.ament_python' and name 'py_pubsub'
[0.227s] Level 1:colcon.colcon_core.package_identification:_identify(src/ros_tutorials) by extensions ['ignore', 'ignore_ament_install']
[0.227s] Level 1:colcon.colcon_core.package_identification:_identify(src/ros_tutorials) by extension 'ignore'
[0.227s] Level 1:colcon.colcon_core.package_identification:_identify(src/ros_tutorials) by extension 'ignore_ament_install'
[0.228s] Level 1:colcon.colcon_core.package_identification:_identify(src/ros_tutorials) by extensions ['colcon_pkg']
[0.228s] Level 1:colcon.colcon_core.package_identification:_identify(src/ros_tutorials) by extension 'colcon_pkg'
[0.228s] Level 1:colcon.colcon_core.package_identification:_identify(src/ros_tutorials) by extensions ['colcon_meta']
[0.228s] Level 1:colcon.colcon_core.package_identification:_identify(src/ros_tutorials) by extension 'colcon_meta'
[0.228s] Level 1:colcon.colcon_core.package_identification:_identify(src/ros_tutorials) by extensions ['ros']
[0.228s] Level 1:colcon.colcon_core.package_identification:_identify(src/ros_tutorials) by extension 'ros'
[0.228s] Level 1:colcon.colcon_core.package_identification:_identify(src/ros_tutorials) by extensions ['cmake', 'python']
[0.228s] Level 1:colcon.colcon_core.package_identification:_identify(src/ros_tutorials) by extension 'cmake'
[0.228s] Level 1:colcon.colcon_core.package_identification:_identify(src/ros_tutorials) by extension 'python'
[0.228s] Level 1:colcon.colcon_core.package_identification:_identify(src/ros_tutorials) by extensions ['python_setup_py']
[0.228s] Level 1:colcon.colcon_core.package_identification:_identify(src/ros_tutorials) by extension 'python_setup_py'
[0.228s] Level 1:colcon.colcon_core.package_identification:_identify(src/ros_tutorials/ros_tutorials) by extensions ['ignore', 'ignore_ament_install']
[0.228s] Level 1:colcon.colcon_core.package_identification:_identify(src/ros_tutorials/ros_tutorials) by extension 'ignore'
[0.228s] Level 1:colcon.colcon_core.package_identification:_identify(src/ros_tutorials/ros_tutorials) ignored
[0.229s] Level 1:colcon.colcon_core.package_identification:_identify(src/ros_tutorials/roscpp_tutorials) by extensions ['ignore', 'ignore_ament_install']
[0.229s] Level 1:colcon.colcon_core.package_identification:_identify(src/ros_tutorials/roscpp_tutorials) by extension 'ignore'
[0.229s] Level 1:colcon.colcon_core.package_identification:_identify(src/ros_tutorials/roscpp_tutorials) ignored
[0.229s] Level 1:colcon.colcon_core.package_identification:_identify(src/ros_tutorials/rospy_tutorials) by extensions ['ignore', 'ignore_ament_install']
[0.229s] Level 1:colcon.colcon_core.package_identification:_identify(src/ros_tutorials/rospy_tutorials) by extension 'ignore'
[0.229s] Level 1:colcon.colcon_core.package_identification:_identify(src/ros_tutorials/rospy_tutorials) ignored
[0.229s] Level 1:colcon.colcon_core.package_identification:_identify(src/ros_tutorials/turtlesim) by extensions ['ignore', 'ignore_ament_install']
[0.229s] Level 1:colcon.colcon_core.package_identification:_identify(src/ros_tutorials/turtlesim) by extension 'ignore'
[0.229s] Level 1:colcon.colcon_core.package_identification:_identify(src/ros_tutorials/turtlesim) by extension 'ignore_ament_install'
[0.229s] Level 1:colcon.colcon_core.package_identification:_identify(src/ros_tutorials/turtlesim) by extensions ['colcon_pkg']
[0.230s] Level 1:colcon.colcon_core.package_identification:_identify(src/ros_tutorials/turtlesim) by extension 'colcon_pkg'
[0.230s] Level 1:colcon.colcon_core.package_identification:_identify(src/ros_tutorials/turtlesim) by extensions ['colcon_meta']
[0.230s] Level 1:colcon.colcon_core.package_identification:_identify(src/ros_tutorials/turtlesim) by extension 'colcon_meta'
[0.230s] Level 1:colcon.colcon_core.package_identification:_identify(src/ros_tutorials/turtlesim) by extensions ['ros']
[0.230s] Level 1:colcon.colcon_core.package_identification:_identify(src/ros_tutorials/turtlesim) by extension 'ros'
[0.231s] DEBUG:colcon.colcon_core.package_identification:Package 'src/ros_tutorials/turtlesim' with type 'ros.ament_cmake' and name 'turtlesim'
[0.231s] Level 1:colcon.colcon_core.package_discovery:discover_packages(recursive) using defaults
[0.232s] Level 1:colcon.colcon_core.package_discovery:discover_packages(ignore) discover
[0.232s] Level 1:colcon.colcon_core.package_discovery:discover_packages(ignore) using defaults
[0.232s] Level 1:colcon.colcon_core.package_discovery:discover_packages(path) discover
[0.232s] Level 1:colcon.colcon_core.package_discovery:discover_packages(path) using defaults
[0.235s] INFO:colcon.colcon_core.package_selection:Skipping not selected package 'py_pubsub' in 'src/py_pubsub'
[0.235s] INFO:colcon.colcon_core.package_selection:Skipping not selected package 'turtlesim' in 'src/ros_tutorials/turtlesim'
[0.239s] Level 5:colcon.colcon_core.verb:set package 'beginner' build argument 'cmake_args' from command line to 'None'
[0.239s] Level 5:colcon.colcon_core.verb:set package 'beginner' build argument 'cmake_target' from command line to 'None'
[0.239s] Level 5:colcon.colcon_core.verb:set package 'beginner' build argument 'cmake_target_skip_unavailable' from command line to 'False'
[0.239s] Level 5:colcon.colcon_core.verb:set package 'beginner' build argument 'cmake_clean_cache' from command line to 'False'
[0.239s] Level 5:colcon.colcon_core.verb:set package 'beginner' build argument 'cmake_clean_first' from command line to 'False'
[0.239s] Level 5:colcon.colcon_core.verb:set package 'beginner' build argument 'cmake_force_configure' from command line to 'False'
[0.239s] Level 5:colcon.colcon_core.verb:set package 'beginner' build argument 'ament_cmake_args' from command line to 'None'
[0.239s] Level 5:colcon.colcon_core.verb:set package 'beginner' build argument 'catkin_cmake_args' from command line to 'None'
[0.239s] Level 5:colcon.colcon_core.verb:set package 'beginner' build argument 'catkin_skip_building_tests' from command line to 'False'
[0.239s] DEBUG:colcon.colcon_core.verb:Building package 'beginner' with the following arguments: {'ament_cmake_args': None, 'build_base': '/home/khshih/self_driving_cars_ros2/build/beginner', 'catkin_cmake_args': None, 'catkin_skip_building_tests': False, 'cmake_args': None, 'cmake_clean_cache': False, 'cmake_clean_first': False, 'cmake_force_configure': False, 'cmake_target': None, 'cmake_target_skip_unavailable': False, 'install_base': '/home/khshih/self_driving_cars_ros2/install/beginner', 'merge_install': False, 'path': '/home/khshih/self_driving_cars_ros2/src/beginner', 'symlink_install': True, 'test_result_base': None}
[0.239s] INFO:colcon.colcon_core.executor:Executing jobs using 'parallel' executor
[0.242s] DEBUG:colcon.colcon_parallel_executor.executor.parallel:run_until_complete
[0.242s] INFO:colcon.colcon_ros.task.ament_cmake.build:Building ROS package in '/home/khshih/self_driving_cars_ros2/src/beginner' with build type 'ament_cmake'
[0.242s] INFO:colcon.colcon_cmake.task.cmake.build:Building CMake package in '/home/khshih/self_driving_cars_ros2/src/beginner'
[0.246s] INFO:colcon.colcon_core.plugin_system:Skipping extension 'colcon_core.shell.bat': Not used on non-Windows systems
[0.246s] INFO:colcon.colcon_core.shell:Skip shell extension 'powershell' for command environment: Not usable outside of PowerShell
[0.246s] DEBUG:colcon.colcon_core.shell:Skip shell extension 'dsv' for command environment
[0.249s] DEBUG:colcon.colcon_core.shell:Ignoring prefix path '/opt/ros/dashing'
[0.256s] DEBUG:colcon.colcon_core.event_handler.log_command:Invoking command in '/home/khshih/self_driving_cars_ros2/build/beginner': CMAKE_PREFIX_PATH=/opt/ros/dashing /usr/bin/cmake /home/khshih/self_driving_cars_ros2/src/beginner -DAMENT_CMAKE_SYMLINK_INSTALL=1 -DCMAKE_INSTALL_PREFIX=/home/khshih/self_driving_cars_ros2/install/beginner
[2.466s] DEBUG:colcon.colcon_core.event_handler.log_command:Invoked command in '/home/khshih/self_driving_cars_ros2/build/beginner' returned '0': CMAKE_PREFIX_PATH=/opt/ros/dashing /usr/bin/cmake /home/khshih/self_driving_cars_ros2/src/beginner -DAMENT_CMAKE_SYMLINK_INSTALL=1 -DCMAKE_INSTALL_PREFIX=/home/khshih/self_driving_cars_ros2/install/beginner
[2.472s] DEBUG:colcon.colcon_core.event_handler.log_command:Invoking command in '/home/khshih/self_driving_cars_ros2/build/beginner': CMAKE_PREFIX_PATH=/opt/ros/dashing /usr/bin/cmake --build /home/khshih/self_driving_cars_ros2/build/beginner -- -j8 -l8
[5.017s] DEBUG:colcon.colcon_core.event_handler.log_command:Invoked command in '/home/khshih/self_driving_cars_ros2/build/beginner' returned '0': CMAKE_PREFIX_PATH=/opt/ros/dashing /usr/bin/cmake --build /home/khshih/self_driving_cars_ros2/build/beginner -- -j8 -l8
[5.079s] DEBUG:colcon.colcon_core.event_handler.log_command:Invoking command in '/home/khshih/self_driving_cars_ros2/build/beginner': CMAKE_PREFIX_PATH=/opt/ros/dashing /usr/bin/cmake --build /home/khshih/self_driving_cars_ros2/build/beginner --target install -- -j8 -l8
[5.373s] Level 1:colcon.colcon_core.environment:create_environment_scripts_only(beginner)
[5.375s] DEBUG:colcon.colcon_core.event_handler.log_command:Invoked command in '/home/khshih/self_driving_cars_ros2/build/beginner' returned '0': CMAKE_PREFIX_PATH=/opt/ros/dashing /usr/bin/cmake --build /home/khshih/self_driving_cars_ros2/build/beginner --target install -- -j8 -l8
[5.383s] Level 1:colcon.colcon_core.environment:checking '/home/khshih/self_driving_cars_ros2/install/beginner' for CMake module files
[5.384s] Level 1:colcon.colcon_core.environment:checking '/home/khshih/self_driving_cars_ros2/install/beginner' for CMake config files
[5.384s] Level 1:colcon.colcon_core.shell:create_environment_hook('beginner', 'cmake_prefix_path')
[5.385s] INFO:colcon.colcon_core.shell:Creating environment hook '/home/khshih/self_driving_cars_ros2/install/beginner/share/beginner/hook/cmake_prefix_path.ps1'
[5.385s] INFO:colcon.colcon_core.shell:Creating environment descriptor '/home/khshih/self_driving_cars_ros2/install/beginner/share/beginner/hook/cmake_prefix_path.dsv'
[5.386s] INFO:colcon.colcon_core.shell:Creating environment hook '/home/khshih/self_driving_cars_ros2/install/beginner/share/beginner/hook/cmake_prefix_path.sh'
[5.387s] Level 1:colcon.colcon_core.environment:checking '/home/khshih/self_driving_cars_ros2/install/beginner/lib'
[5.387s] Level 1:colcon.colcon_core.environment:checking '/home/khshih/self_driving_cars_ros2/install/beginner/bin'
[5.388s] Level 1:colcon.colcon_core.environment:checking '/home/khshih/self_driving_cars_ros2/install/beginner/lib/pkgconfig/beginner.pc'
[5.388s] Level 1:colcon.colcon_core.environment:checking '/home/khshih/self_driving_cars_ros2/install/beginner/lib/python3.6/site-packages'
[5.388s] INFO:colcon.colcon_core.shell:Creating package script '/home/khshih/self_driving_cars_ros2/install/beginner/share/beginner/package.ps1'
[5.389s] INFO:colcon.colcon_core.shell:Creating package descriptor '/home/khshih/self_driving_cars_ros2/install/beginner/share/beginner/package.dsv'
[5.390s] INFO:colcon.colcon_core.shell:Creating package script '/home/khshih/self_driving_cars_ros2/install/beginner/share/beginner/package.sh'
[5.391s] INFO:colcon.colcon_core.shell:Creating package script '/home/khshih/self_driving_cars_ros2/install/beginner/share/beginner/package.bash'
[5.392s] INFO:colcon.colcon_core.shell:Creating package script '/home/khshih/self_driving_cars_ros2/install/beginner/share/beginner/package.zsh'
[5.392s] Level 1:colcon.colcon_core.environment:create_file_with_runtime_dependencies(/home/khshih/self_driving_cars_ros2/install/beginner/share/colcon-core/packages/beginner)
[5.432s] Level 1:colcon.colcon_core.environment:create_environment_scripts_only(beginner)
[5.435s] Level 1:colcon.colcon_core.environment:checking '/home/khshih/self_driving_cars_ros2/install/beginner' for CMake module files
[5.436s] Level 1:colcon.colcon_core.environment:checking '/home/khshih/self_driving_cars_ros2/install/beginner' for CMake config files
[5.437s] Level 1:colcon.colcon_core.shell:create_environment_hook('beginner', 'cmake_prefix_path')
[5.438s] INFO:colcon.colcon_core.shell:Creating environment hook '/home/khshih/self_driving_cars_ros2/install/beginner/share/beginner/hook/cmake_prefix_path.ps1'
[5.439s] INFO:colcon.colcon_core.shell:Creating environment descriptor '/home/khshih/self_driving_cars_ros2/install/beginner/share/beginner/hook/cmake_prefix_path.dsv'
[5.440s] INFO:colcon.colcon_core.shell:Creating environment hook '/home/khshih/self_driving_cars_ros2/install/beginner/share/beginner/hook/cmake_prefix_path.sh'
[5.441s] Level 1:colcon.colcon_core.environment:checking '/home/khshih/self_driving_cars_ros2/install/beginner/lib'
[5.441s] Level 1:colcon.colcon_core.environment:checking '/home/khshih/self_driving_cars_ros2/install/beginner/bin'
[5.441s] Level 1:colcon.colcon_core.environment:checking '/home/khshih/self_driving_cars_ros2/install/beginner/lib/pkgconfig/beginner.pc'
[5.441s] Level 1:colcon.colcon_core.environment:checking '/home/khshih/self_driving_cars_ros2/install/beginner/lib/python3.6/site-packages'
[5.442s] INFO:colcon.colcon_core.shell:Creating package script '/home/khshih/self_driving_cars_ros2/install/beginner/share/beginner/package.ps1'
[5.442s] INFO:colcon.colcon_core.shell:Creating package descriptor '/home/khshih/self_driving_cars_ros2/install/beginner/share/beginner/package.dsv'
[5.443s] INFO:colcon.colcon_core.shell:Creating package script '/home/khshih/self_driving_cars_ros2/install/beginner/share/beginner/package.sh'
[5.443s] INFO:colcon.colcon_core.shell:Creating package script '/home/khshih/self_driving_cars_ros2/install/beginner/share/beginner/package.bash'
[5.444s] INFO:colcon.colcon_core.shell:Creating package script '/home/khshih/self_driving_cars_ros2/install/beginner/share/beginner/package.zsh'
[5.444s] Level 1:colcon.colcon_core.environment:create_file_with_runtime_dependencies(/home/khshih/self_driving_cars_ros2/install/beginner/share/colcon-core/packages/beginner)
[5.445s] DEBUG:colcon.colcon_parallel_executor.executor.parallel:closing loop
[5.445s] DEBUG:colcon.colcon_parallel_executor.executor.parallel:loop closed
[5.446s] DEBUG:colcon.colcon_parallel_executor.executor.parallel:run_until_complete finished with '0'
[5.446s] DEBUG:colcon.colcon_core.event_reactor:joining thread
[5.468s] INFO:colcon.colcon_core.plugin_system:Skipping extension 'colcon_notification.desktop_notification.terminal_notifier': Not used on non-Darwin systems
[5.469s] INFO:colcon.colcon_core.plugin_system:Skipping extension 'colcon_notification.desktop_notification.win32': Not used on non-Windows systems
[5.469s] INFO:colcon.colcon_notification.desktop_notification:Sending desktop notification using 'notify2'
[5.472s] DEBUG:colcon.colcon_core.event_reactor:joined thread
[5.473s] INFO:colcon.colcon_core.shell:Creating prefix script '/home/khshih/self_driving_cars_ros2/install/local_setup.ps1'
[5.475s] INFO:colcon.colcon_core.shell:Creating prefix util module '/home/khshih/self_driving_cars_ros2/install/_local_setup_util_ps1.py'
[5.477s] INFO:colcon.colcon_core.shell:Creating prefix chain script '/home/khshih/self_driving_cars_ros2/install/setup.ps1'
[5.481s] INFO:colcon.colcon_core.shell:Creating prefix script '/home/khshih/self_driving_cars_ros2/install/local_setup.sh'
[5.481s] INFO:colcon.colcon_core.shell:Creating prefix util module '/home/khshih/self_driving_cars_ros2/install/_local_setup_util_sh.py'
[5.482s] INFO:colcon.colcon_core.shell:Creating prefix chain script '/home/khshih/self_driving_cars_ros2/install/setup.sh'
[5.485s] INFO:colcon.colcon_core.shell:Creating prefix script '/home/khshih/self_driving_cars_ros2/install/local_setup.bash'
[5.485s] INFO:colcon.colcon_core.shell:Creating prefix chain script '/home/khshih/self_driving_cars_ros2/install/setup.bash'
[5.488s] INFO:colcon.colcon_core.shell:Creating prefix script '/home/khshih/self_driving_cars_ros2/install/local_setup.zsh'
[5.488s] INFO:colcon.colcon_core.shell:Creating prefix chain script '/home/khshih/self_driving_cars_ros2/install/setup.zsh'
