Determining if the pthread_create exist failed with the following output:
Change Dir: /home/khshih/self_driving_cars_ros2/build/beginner/CMakeFiles/CMakeTmp

Run Build Command:"/usr/bin/make" "cmTC_71164/fast"
/usr/bin/make -f CMakeFiles/cmTC_71164.dir/build.make CMakeFiles/cmTC_71164.dir/build
make[1]: Entering directory '/home/khshih/self_driving_cars_ros2/build/beginner/CMakeFiles/CMakeTmp'
Building C object CMakeFiles/cmTC_71164.dir/CheckSymbolExists.c.o
/usr/bin/cc    -o CMakeFiles/cmTC_71164.dir/CheckSymbolExists.c.o   -c /home/khshih/self_driving_cars_ros2/build/beginner/CMakeFiles/CMakeTmp/CheckSymbolExists.c
Linking C executable cmTC_71164
/usr/bin/cmake -E cmake_link_script CMakeFiles/cmTC_71164.dir/link.txt --verbose=1
/usr/bin/cc      CMakeFiles/cmTC_71164.dir/CheckSymbolExists.c.o  -o cmTC_71164 
CMakeFiles/cmTC_71164.dir/CheckSymbolExists.c.o: In function `main':
CheckSymbolExists.c:(.text+0x1b): undefined reference to `pthread_create'
collect2: error: ld returned 1 exit status
CMakeFiles/cmTC_71164.dir/build.make:97: recipe for target 'cmTC_71164' failed
make[1]: *** [cmTC_71164] Error 1
make[1]: Leaving directory '/home/khshih/self_driving_cars_ros2/build/beginner/CMakeFiles/CMakeTmp'
Makefile:126: recipe for target 'cmTC_71164/fast' failed
make: *** [cmTC_71164/fast] Error 2

File /home/khshih/self_driving_cars_ros2/build/beginner/CMakeFiles/CMakeTmp/CheckSymbolExists.c:
/* */
#include <pthread.h>

int main(int argc, char** argv)
{
  (void)argv;
#ifndef pthread_create
  return ((int*)(&pthread_create))[argc];
#else
  (void)argc;
  return 0;
#endif
}

Determining if the function pthread_create exists in the pthreads failed with the following output:
Change Dir: /home/khshih/self_driving_cars_ros2/build/beginner/CMakeFiles/CMakeTmp

Run Build Command:"/usr/bin/make" "cmTC_aefc4/fast"
/usr/bin/make -f CMakeFiles/cmTC_aefc4.dir/build.make CMakeFiles/cmTC_aefc4.dir/build
make[1]: Entering directory '/home/khshih/self_driving_cars_ros2/build/beginner/CMakeFiles/CMakeTmp'
Building C object CMakeFiles/cmTC_aefc4.dir/CheckFunctionExists.c.o
/usr/bin/cc   -DCHECK_FUNCTION_EXISTS=pthread_create   -o CMakeFiles/cmTC_aefc4.dir/CheckFunctionExists.c.o   -c /usr/share/cmake-3.10/Modules/CheckFunctionExists.c
Linking C executable cmTC_aefc4
/usr/bin/cmake -E cmake_link_script CMakeFiles/cmTC_aefc4.dir/link.txt --verbose=1
/usr/bin/cc  -DCHECK_FUNCTION_EXISTS=pthread_create    CMakeFiles/cmTC_aefc4.dir/CheckFunctionExists.c.o  -o cmTC_aefc4 -lpthreads 
/usr/bin/x86_64-linux-gnu-ld: cannot find -lpthreads
collect2: error: ld returned 1 exit status
CMakeFiles/cmTC_aefc4.dir/build.make:97: recipe for target 'cmTC_aefc4' failed
make[1]: *** [cmTC_aefc4] Error 1
make[1]: Leaving directory '/home/khshih/self_driving_cars_ros2/build/beginner/CMakeFiles/CMakeTmp'
Makefile:126: recipe for target 'cmTC_aefc4/fast' failed
make: *** [cmTC_aefc4/fast] Error 2


