[0.032s] Invoking command in '/home/khshih/self_driving_cars_ros2/build/beginner': CMAKE_PREFIX_PATH=/opt/ros/dashing:${CMAKE_PREFIX_PATH} /usr/bin/cmake /home/khshih/self_driving_cars_ros2/src/beginner -DCMAKE_INSTALL_PREFIX=/home/khshih/self_driving_cars_ros2/install/beginner
[0.354s] -- Found ament_cmake: 0.7.5 (/opt/ros/dashing/share/ament_cmake/cmake)
[0.354s] -- Using PYTHON_EXECUTABLE: /usr/bin/python3
[0.354s] -- Override CMake install command with custom implementation using symlinks instead of copying resources
[0.354s] -- Found rclcpp: 0.7.14 (/opt/ros/dashing/share/rclcpp/cmake)
[0.373s] -- Found rosidl_adapter: 0.7.9 (/opt/ros/dashing/share/rosidl_adapter/cmake)
[0.424s] -- Found rmw_implementation_cmake: 0.7.2 (/opt/ros/dashing/share/rmw_implementation_cmake/cmake)
[0.425s] -- Using RMW implementation 'rmw_fastrtps_cpp' as default
[0.455s] -- Found std_msgs: 0.7.0 (/opt/ros/dashing/share/std_msgs/cmake)
[0.487s] -- Found ament_lint_auto: 0.7.12 (/opt/ros/dashing/share/ament_lint_auto/cmake)
[0.564s] -- Added test 'copyright' to check for copyright in CMake / C / C++ / Python code
[0.565s] -- Added test 'cppcheck' to perform static code analysis on C / C++ code
[0.565s] -- Configured cppcheck include dirs: 
[0.566s] -- Added test 'cpplint' to check C / C++ code against the Google style
[0.567s] -- Added test 'lint_cmake' to check CMake code style
[0.568s] -- Added test 'uncrustify' to check C / C++ code style
[0.569s] -- Added test 'xmllint' to check XML markup files
[0.571s] -- Configuring done
[0.592s] -- Generating done
[0.595s] -- Build files have been written to: /home/khshih/self_driving_cars_ros2/build/beginner
[0.598s] Invoked command in '/home/khshih/self_driving_cars_ros2/build/beginner' returned '0': CMAKE_PREFIX_PATH=/opt/ros/dashing:${CMAKE_PREFIX_PATH} /usr/bin/cmake /home/khshih/self_driving_cars_ros2/src/beginner -DCMAKE_INSTALL_PREFIX=/home/khshih/self_driving_cars_ros2/install/beginner
[0.602s] Invoking command in '/home/khshih/self_driving_cars_ros2/build/beginner': CMAKE_PREFIX_PATH=/opt/ros/dashing:${CMAKE_PREFIX_PATH} /usr/bin/cmake --build /home/khshih/self_driving_cars_ros2/build/beginner -- -j8 -l8
[0.668s] [ 50%] Built target talker
[0.675s] [100%] Built target listener
[0.693s] Invoked command in '/home/khshih/self_driving_cars_ros2/build/beginner' returned '0': CMAKE_PREFIX_PATH=/opt/ros/dashing:${CMAKE_PREFIX_PATH} /usr/bin/cmake --build /home/khshih/self_driving_cars_ros2/build/beginner -- -j8 -l8
[0.745s] Invoking command in '/home/khshih/self_driving_cars_ros2/build/beginner': CMAKE_PREFIX_PATH=/opt/ros/dashing:${CMAKE_PREFIX_PATH} /usr/bin/cmake --build /home/khshih/self_driving_cars_ros2/build/beginner --target install -- -j8 -l8
[0.822s] [ 50%] Built target talker
[0.825s] [100%] Built target listener
[0.851s] [36mInstall the project...[0m
[0.860s] -- Install configuration: ""
[0.861s] -- Execute custom install script
[0.862s] -- Up-to-date symlink: /home/khshih/self_driving_cars_ros2/install/beginner/lib/beginner/talker
[0.862s] -- Up-to-date symlink: /home/khshih/self_driving_cars_ros2/install/beginner/lib/beginner/listener
[0.863s] -- Up-to-date symlink: /home/khshih/self_driving_cars_ros2/install/beginner/share/ament_index/resource_index/package_run_dependencies/beginner
[0.863s] -- Up-to-date symlink: /home/khshih/self_driving_cars_ros2/install/beginner/share/ament_index/resource_index/parent_prefix_path/beginner
[0.863s] -- Up-to-date symlink: /home/khshih/self_driving_cars_ros2/install/beginner/share/beginner/environment/ament_prefix_path.sh
[0.864s] -- Up-to-date symlink: /home/khshih/self_driving_cars_ros2/install/beginner/share/beginner/environment/path.sh
[0.864s] -- Up-to-date symlink: /home/khshih/self_driving_cars_ros2/install/beginner/share/beginner/local_setup.bash
[0.864s] -- Up-to-date symlink: /home/khshih/self_driving_cars_ros2/install/beginner/share/beginner/local_setup.sh
[0.865s] -- Up-to-date symlink: /home/khshih/self_driving_cars_ros2/install/beginner/share/beginner/local_setup.zsh
[0.865s] -- Up-to-date symlink: /home/khshih/self_driving_cars_ros2/install/beginner/share/ament_index/resource_index/packages/beginner
[0.865s] -- Up-to-date symlink: /home/khshih/self_driving_cars_ros2/install/beginner/share/beginner/cmake/beginnerConfig.cmake
[0.866s] -- Up-to-date symlink: /home/khshih/self_driving_cars_ros2/install/beginner/share/beginner/cmake/beginnerConfig-version.cmake
[0.866s] -- Up-to-date symlink: /home/khshih/self_driving_cars_ros2/install/beginner/share/beginner/package.xml
[0.871s] Invoked command in '/home/khshih/self_driving_cars_ros2/build/beginner' returned '0': CMAKE_PREFIX_PATH=/opt/ros/dashing:${CMAKE_PREFIX_PATH} /usr/bin/cmake --build /home/khshih/self_driving_cars_ros2/build/beginner --target install -- -j8 -l8
