[0.189s] DEBUG:colcon:Command line arguments: ['/usr/bin/colcon', 'build']
[0.189s] DEBUG:colcon:Parsed command line arguments: Namespace(ament_cmake_args=None, base_paths=['.'], build_base='build', catkin_cmake_args=None, catkin_skip_building_tests=False, cmake_args=None, cmake_clean_cache=False, cmake_clean_first=False, cmake_force_configure=False, cmake_target=None, cmake_target_skip_unavailable=False, continue_on_error=False, event_handlers=None, executor='parallel', ignore_user_meta=False, install_base='install', log_base=None, log_level=None, main=<bound method BuildVerb.main of <colcon_core.verb.build.BuildVerb object at 0x7f6c4f87ba20>>, merge_install=False, metas=['./colcon.meta'], packages_above=None, packages_above_and_dependencies=None, packages_above_depth=None, packages_end=None, packages_ignore=None, packages_ignore_regex=None, packages_select=None, packages_select_build_failed=False, packages_select_by_dep=None, packages_select_regex=None, packages_select_test_failures=False, packages_skip=None, packages_skip_build_finished=False, packages_skip_by_dep=None, packages_skip_regex=None, packages_skip_test_passed=False, packages_skip_up_to=None, packages_start=None, packages_up_to=None, packages_up_to_regex=None, parallel_workers=8, paths=None, symlink_install=False, test_result_base=None, verb_extension=<colcon_core.verb.build.BuildVerb object at 0x7f6c4f87ba20>, verb_name='build', verb_parser=<colcon_defaults.argument_parser.defaults.DefaultArgumentsDecorator object at 0x7f6c4f87bda0>)
[0.220s] Level 1:colcon.colcon_core.package_discovery:discover_packages(colcon_meta) check parameters
[0.220s] Level 1:colcon.colcon_core.package_discovery:discover_packages(recursive) check parameters
[0.220s] Level 1:colcon.colcon_core.package_discovery:discover_packages(ignore) check parameters
[0.220s] Level 1:colcon.colcon_core.package_discovery:discover_packages(path) check parameters
[0.220s] Level 1:colcon.colcon_core.package_discovery:discover_packages(colcon_meta) discover
[0.221s] Level 1:colcon.colcon_core.package_discovery:discover_packages(recursive) discover
[0.221s] INFO:colcon.colcon_core.package_discovery:Crawling recursively for packages in '/home/khshih/self_driving_cars_ros2'
[0.221s] Level 1:colcon.colcon_core.package_identification:_identify(.) by extensions ['ignore', 'ignore_ament_install']
[0.221s] Level 1:colcon.colcon_core.package_identification:_identify(.) by extension 'ignore'
[0.221s] Level 1:colcon.colcon_core.package_identification:_identify(.) by extension 'ignore_ament_install'
[0.221s] Level 1:colcon.colcon_core.package_identification:_identify(.) by extensions ['colcon_pkg']
[0.221s] Level 1:colcon.colcon_core.package_identification:_identify(.) by extension 'colcon_pkg'
[0.221s] Level 1:colcon.colcon_core.package_identification:_identify(.) by extensions ['colcon_meta']
[0.221s] Level 1:colcon.colcon_core.package_identification:_identify(.) by extension 'colcon_meta'
[0.222s] Level 1:colcon.colcon_core.package_identification:_identify(.) by extensions ['ros']
[0.222s] Level 1:colcon.colcon_core.package_identification:_identify(.) by extension 'ros'
[0.234s] Level 1:colcon.colcon_core.package_identification:_identify(.) by extensions ['cmake', 'python']
[0.234s] Level 1:colcon.colcon_core.package_identification:_identify(.) by extension 'cmake'
[0.234s] Level 1:colcon.colcon_core.package_identification:_identify(.) by extension 'python'
[0.235s] Level 1:colcon.colcon_core.package_identification:_identify(.) by extensions ['python_setup_py']
[0.235s] Level 1:colcon.colcon_core.package_identification:_identify(.) by extension 'python_setup_py'
[0.235s] Level 1:colcon.colcon_core.package_identification:_identify(build) by extensions ['ignore', 'ignore_ament_install']
[0.235s] Level 1:colcon.colcon_core.package_identification:_identify(build) by extension 'ignore'
[0.235s] Level 1:colcon.colcon_core.package_identification:_identify(build) ignored
[0.235s] Level 1:colcon.colcon_core.package_identification:_identify(install) by extensions ['ignore', 'ignore_ament_install']
[0.235s] Level 1:colcon.colcon_core.package_identification:_identify(install) by extension 'ignore'
[0.236s] Level 1:colcon.colcon_core.package_identification:_identify(install) ignored
[0.236s] Level 1:colcon.colcon_core.package_identification:_identify(log) by extensions ['ignore', 'ignore_ament_install']
[0.236s] Level 1:colcon.colcon_core.package_identification:_identify(log) by extension 'ignore'
[0.236s] Level 1:colcon.colcon_core.package_identification:_identify(log) ignored
[0.236s] Level 1:colcon.colcon_core.package_identification:_identify(src) by extensions ['ignore', 'ignore_ament_install']
[0.236s] Level 1:colcon.colcon_core.package_identification:_identify(src) by extension 'ignore'
[0.236s] Level 1:colcon.colcon_core.package_identification:_identify(src) by extension 'ignore_ament_install'
[0.236s] Level 1:colcon.colcon_core.package_identification:_identify(src) by extensions ['colcon_pkg']
[0.236s] Level 1:colcon.colcon_core.package_identification:_identify(src) by extension 'colcon_pkg'
[0.236s] Level 1:colcon.colcon_core.package_identification:_identify(src) by extensions ['colcon_meta']
[0.236s] Level 1:colcon.colcon_core.package_identification:_identify(src) by extension 'colcon_meta'
[0.236s] Level 1:colcon.colcon_core.package_identification:_identify(src) by extensions ['ros']
[0.236s] Level 1:colcon.colcon_core.package_identification:_identify(src) by extension 'ros'
[0.237s] Level 1:colcon.colcon_core.package_identification:_identify(src) by extensions ['cmake', 'python']
[0.237s] Level 1:colcon.colcon_core.package_identification:_identify(src) by extension 'cmake'
[0.237s] Level 1:colcon.colcon_core.package_identification:_identify(src) by extension 'python'
[0.237s] Level 1:colcon.colcon_core.package_identification:_identify(src) by extensions ['python_setup_py']
[0.237s] Level 1:colcon.colcon_core.package_identification:_identify(src) by extension 'python_setup_py'
[0.237s] Level 1:colcon.colcon_core.package_identification:_identify(src/beginner) by extensions ['ignore', 'ignore_ament_install']
[0.237s] Level 1:colcon.colcon_core.package_identification:_identify(src/beginner) by extension 'ignore'
[0.237s] Level 1:colcon.colcon_core.package_identification:_identify(src/beginner) by extension 'ignore_ament_install'
[0.237s] Level 1:colcon.colcon_core.package_identification:_identify(src/beginner) by extensions ['colcon_pkg']
[0.237s] Level 1:colcon.colcon_core.package_identification:_identify(src/beginner) by extension 'colcon_pkg'
[0.237s] Level 1:colcon.colcon_core.package_identification:_identify(src/beginner) by extensions ['colcon_meta']
[0.237s] Level 1:colcon.colcon_core.package_identification:_identify(src/beginner) by extension 'colcon_meta'
[0.237s] Level 1:colcon.colcon_core.package_identification:_identify(src/beginner) by extensions ['ros']
[0.237s] Level 1:colcon.colcon_core.package_identification:_identify(src/beginner) by extension 'ros'
[0.240s] DEBUG:colcon.colcon_core.package_identification:Package 'src/beginner' with type 'ros.ament_cmake' and name 'beginner'
[0.240s] Level 1:colcon.colcon_core.package_identification:_identify(src/py_pubsub) by extensions ['ignore', 'ignore_ament_install']
[0.240s] Level 1:colcon.colcon_core.package_identification:_identify(src/py_pubsub) by extension 'ignore'
[0.240s] Level 1:colcon.colcon_core.package_identification:_identify(src/py_pubsub) by extension 'ignore_ament_install'
[0.240s] Level 1:colcon.colcon_core.package_identification:_identify(src/py_pubsub) by extensions ['colcon_pkg']
[0.240s] Level 1:colcon.colcon_core.package_identification:_identify(src/py_pubsub) by extension 'colcon_pkg'
[0.240s] Level 1:colcon.colcon_core.package_identification:_identify(src/py_pubsub) by extensions ['colcon_meta']
[0.240s] Level 1:colcon.colcon_core.package_identification:_identify(src/py_pubsub) by extension 'colcon_meta'
[0.240s] Level 1:colcon.colcon_core.package_identification:_identify(src/py_pubsub) by extensions ['ros']
[0.241s] Level 1:colcon.colcon_core.package_identification:_identify(src/py_pubsub) by extension 'ros'
[0.241s] DEBUG:colcon.colcon_core.package_identification:Package 'src/py_pubsub' with type 'ros.ament_python' and name 'py_pubsub'
[0.241s] Level 1:colcon.colcon_core.package_identification:_identify(src/ros_tutorials) by extensions ['ignore', 'ignore_ament_install']
[0.241s] Level 1:colcon.colcon_core.package_identification:_identify(src/ros_tutorials) by extension 'ignore'
[0.241s] Level 1:colcon.colcon_core.package_identification:_identify(src/ros_tutorials) by extension 'ignore_ament_install'
[0.242s] Level 1:colcon.colcon_core.package_identification:_identify(src/ros_tutorials) by extensions ['colcon_pkg']
[0.242s] Level 1:colcon.colcon_core.package_identification:_identify(src/ros_tutorials) by extension 'colcon_pkg'
[0.242s] Level 1:colcon.colcon_core.package_identification:_identify(src/ros_tutorials) by extensions ['colcon_meta']
[0.242s] Level 1:colcon.colcon_core.package_identification:_identify(src/ros_tutorials) by extension 'colcon_meta'
[0.242s] Level 1:colcon.colcon_core.package_identification:_identify(src/ros_tutorials) by extensions ['ros']
[0.242s] Level 1:colcon.colcon_core.package_identification:_identify(src/ros_tutorials) by extension 'ros'
[0.242s] Level 1:colcon.colcon_core.package_identification:_identify(src/ros_tutorials) by extensions ['cmake', 'python']
[0.242s] Level 1:colcon.colcon_core.package_identification:_identify(src/ros_tutorials) by extension 'cmake'
[0.242s] Level 1:colcon.colcon_core.package_identification:_identify(src/ros_tutorials) by extension 'python'
[0.242s] Level 1:colcon.colcon_core.package_identification:_identify(src/ros_tutorials) by extensions ['python_setup_py']
[0.242s] Level 1:colcon.colcon_core.package_identification:_identify(src/ros_tutorials) by extension 'python_setup_py'
[0.242s] Level 1:colcon.colcon_core.package_identification:_identify(src/ros_tutorials/ros_tutorials) by extensions ['ignore', 'ignore_ament_install']
[0.242s] Level 1:colcon.colcon_core.package_identification:_identify(src/ros_tutorials/ros_tutorials) by extension 'ignore'
[0.242s] Level 1:colcon.colcon_core.package_identification:_identify(src/ros_tutorials/ros_tutorials) ignored
[0.243s] Level 1:colcon.colcon_core.package_identification:_identify(src/ros_tutorials/roscpp_tutorials) by extensions ['ignore', 'ignore_ament_install']
[0.243s] Level 1:colcon.colcon_core.package_identification:_identify(src/ros_tutorials/roscpp_tutorials) by extension 'ignore'
[0.243s] Level 1:colcon.colcon_core.package_identification:_identify(src/ros_tutorials/roscpp_tutorials) ignored
[0.243s] Level 1:colcon.colcon_core.package_identification:_identify(src/ros_tutorials/rospy_tutorials) by extensions ['ignore', 'ignore_ament_install']
[0.243s] Level 1:colcon.colcon_core.package_identification:_identify(src/ros_tutorials/rospy_tutorials) by extension 'ignore'
[0.243s] Level 1:colcon.colcon_core.package_identification:_identify(src/ros_tutorials/rospy_tutorials) ignored
[0.243s] Level 1:colcon.colcon_core.package_identification:_identify(src/ros_tutorials/turtlesim) by extensions ['ignore', 'ignore_ament_install']
[0.243s] Level 1:colcon.colcon_core.package_identification:_identify(src/ros_tutorials/turtlesim) by extension 'ignore'
[0.244s] Level 1:colcon.colcon_core.package_identification:_identify(src/ros_tutorials/turtlesim) by extension 'ignore_ament_install'
[0.244s] Level 1:colcon.colcon_core.package_identification:_identify(src/ros_tutorials/turtlesim) by extensions ['colcon_pkg']
[0.244s] Level 1:colcon.colcon_core.package_identification:_identify(src/ros_tutorials/turtlesim) by extension 'colcon_pkg'
[0.244s] Level 1:colcon.colcon_core.package_identification:_identify(src/ros_tutorials/turtlesim) by extensions ['colcon_meta']
[0.244s] Level 1:colcon.colcon_core.package_identification:_identify(src/ros_tutorials/turtlesim) by extension 'colcon_meta'
[0.244s] Level 1:colcon.colcon_core.package_identification:_identify(src/ros_tutorials/turtlesim) by extensions ['ros']
[0.244s] Level 1:colcon.colcon_core.package_identification:_identify(src/ros_tutorials/turtlesim) by extension 'ros'
[0.245s] DEBUG:colcon.colcon_core.package_identification:Package 'src/ros_tutorials/turtlesim' with type 'ros.ament_cmake' and name 'turtlesim'
[0.245s] Level 1:colcon.colcon_core.package_discovery:discover_packages(recursive) using defaults
[0.246s] Level 1:colcon.colcon_core.package_discovery:discover_packages(ignore) discover
[0.246s] Level 1:colcon.colcon_core.package_discovery:discover_packages(ignore) using defaults
[0.246s] Level 1:colcon.colcon_core.package_discovery:discover_packages(path) discover
[0.246s] Level 1:colcon.colcon_core.package_discovery:discover_packages(path) using defaults
[0.253s] Level 5:colcon.colcon_core.verb:set package 'beginner' build argument 'cmake_args' from command line to 'None'
[0.253s] Level 5:colcon.colcon_core.verb:set package 'beginner' build argument 'cmake_target' from command line to 'None'
[0.253s] Level 5:colcon.colcon_core.verb:set package 'beginner' build argument 'cmake_target_skip_unavailable' from command line to 'False'
[0.253s] Level 5:colcon.colcon_core.verb:set package 'beginner' build argument 'cmake_clean_cache' from command line to 'False'
[0.253s] Level 5:colcon.colcon_core.verb:set package 'beginner' build argument 'cmake_clean_first' from command line to 'False'
[0.253s] Level 5:colcon.colcon_core.verb:set package 'beginner' build argument 'cmake_force_configure' from command line to 'False'
[0.253s] Level 5:colcon.colcon_core.verb:set package 'beginner' build argument 'ament_cmake_args' from command line to 'None'
[0.253s] Level 5:colcon.colcon_core.verb:set package 'beginner' build argument 'catkin_cmake_args' from command line to 'None'
[0.253s] Level 5:colcon.colcon_core.verb:set package 'beginner' build argument 'catkin_skip_building_tests' from command line to 'False'
[0.253s] DEBUG:colcon.colcon_core.verb:Building package 'beginner' with the following arguments: {'ament_cmake_args': None, 'build_base': '/home/khshih/self_driving_cars_ros2/build/beginner', 'catkin_cmake_args': None, 'catkin_skip_building_tests': False, 'cmake_args': None, 'cmake_clean_cache': False, 'cmake_clean_first': False, 'cmake_force_configure': False, 'cmake_target': None, 'cmake_target_skip_unavailable': False, 'install_base': '/home/khshih/self_driving_cars_ros2/install/beginner', 'merge_install': False, 'path': '/home/khshih/self_driving_cars_ros2/src/beginner', 'symlink_install': False, 'test_result_base': None}
[0.257s] Level 5:colcon.colcon_core.verb:set package 'py_pubsub' build argument 'cmake_args' from command line to 'None'
[0.257s] Level 5:colcon.colcon_core.verb:set package 'py_pubsub' build argument 'cmake_target' from command line to 'None'
[0.257s] Level 5:colcon.colcon_core.verb:set package 'py_pubsub' build argument 'cmake_target_skip_unavailable' from command line to 'False'
[0.257s] Level 5:colcon.colcon_core.verb:set package 'py_pubsub' build argument 'cmake_clean_cache' from command line to 'False'
[0.257s] Level 5:colcon.colcon_core.verb:set package 'py_pubsub' build argument 'cmake_clean_first' from command line to 'False'
[0.257s] Level 5:colcon.colcon_core.verb:set package 'py_pubsub' build argument 'cmake_force_configure' from command line to 'False'
[0.257s] Level 5:colcon.colcon_core.verb:set package 'py_pubsub' build argument 'ament_cmake_args' from command line to 'None'
[0.257s] Level 5:colcon.colcon_core.verb:set package 'py_pubsub' build argument 'catkin_cmake_args' from command line to 'None'
[0.257s] Level 5:colcon.colcon_core.verb:set package 'py_pubsub' build argument 'catkin_skip_building_tests' from command line to 'False'
[0.257s] DEBUG:colcon.colcon_core.verb:Building package 'py_pubsub' with the following arguments: {'ament_cmake_args': None, 'build_base': '/home/khshih/self_driving_cars_ros2/build/py_pubsub', 'catkin_cmake_args': None, 'catkin_skip_building_tests': False, 'cmake_args': None, 'cmake_clean_cache': False, 'cmake_clean_first': False, 'cmake_force_configure': False, 'cmake_target': None, 'cmake_target_skip_unavailable': False, 'install_base': '/home/khshih/self_driving_cars_ros2/install/py_pubsub', 'merge_install': False, 'path': '/home/khshih/self_driving_cars_ros2/src/py_pubsub', 'symlink_install': False, 'test_result_base': None}
[0.261s] Level 5:colcon.colcon_core.verb:set package 'turtlesim' build argument 'cmake_args' from command line to 'None'
[0.261s] Level 5:colcon.colcon_core.verb:set package 'turtlesim' build argument 'cmake_target' from command line to 'None'
[0.261s] Level 5:colcon.colcon_core.verb:set package 'turtlesim' build argument 'cmake_target_skip_unavailable' from command line to 'False'
[0.261s] Level 5:colcon.colcon_core.verb:set package 'turtlesim' build argument 'cmake_clean_cache' from command line to 'False'
[0.261s] Level 5:colcon.colcon_core.verb:set package 'turtlesim' build argument 'cmake_clean_first' from command line to 'False'
[0.261s] Level 5:colcon.colcon_core.verb:set package 'turtlesim' build argument 'cmake_force_configure' from command line to 'False'
[0.261s] Level 5:colcon.colcon_core.verb:set package 'turtlesim' build argument 'ament_cmake_args' from command line to 'None'
[0.262s] Level 5:colcon.colcon_core.verb:set package 'turtlesim' build argument 'catkin_cmake_args' from command line to 'None'
[0.262s] Level 5:colcon.colcon_core.verb:set package 'turtlesim' build argument 'catkin_skip_building_tests' from command line to 'False'
[0.262s] DEBUG:colcon.colcon_core.verb:Building package 'turtlesim' with the following arguments: {'ament_cmake_args': None, 'build_base': '/home/khshih/self_driving_cars_ros2/build/turtlesim', 'catkin_cmake_args': None, 'catkin_skip_building_tests': False, 'cmake_args': None, 'cmake_clean_cache': False, 'cmake_clean_first': False, 'cmake_force_configure': False, 'cmake_target': None, 'cmake_target_skip_unavailable': False, 'install_base': '/home/khshih/self_driving_cars_ros2/install/turtlesim', 'merge_install': False, 'path': '/home/khshih/self_driving_cars_ros2/src/ros_tutorials/turtlesim', 'symlink_install': False, 'test_result_base': None}
[0.262s] INFO:colcon.colcon_core.executor:Executing jobs using 'parallel' executor
[0.264s] DEBUG:colcon.colcon_parallel_executor.executor.parallel:run_until_complete
[0.265s] INFO:colcon.colcon_ros.task.ament_cmake.build:Building ROS package in '/home/khshih/self_driving_cars_ros2/src/beginner' with build type 'ament_cmake'
[0.265s] INFO:colcon.colcon_cmake.task.cmake.build:Building CMake package in '/home/khshih/self_driving_cars_ros2/src/beginner'
[0.269s] INFO:colcon.colcon_core.plugin_system:Skipping extension 'colcon_core.shell.bat': Not used on non-Windows systems
[0.270s] INFO:colcon.colcon_core.shell:Skip shell extension 'powershell' for command environment: Not usable outside of PowerShell
[0.270s] DEBUG:colcon.colcon_core.shell:Skip shell extension 'dsv' for command environment
[0.273s] DEBUG:colcon.colcon_core.shell:Ignoring prefix path '/opt/ros/dashing'
[0.273s] DEBUG:colcon.colcon_core.shell:Ignoring prefix path '/opt/ros/melodic'
[0.275s] INFO:colcon.colcon_ros.task.ament_python.build:Building ROS package in '/home/khshih/self_driving_cars_ros2/src/py_pubsub' with build type 'ament_python'
[0.276s] Level 1:colcon.colcon_core.shell:create_environment_hook('py_pubsub', 'ament_prefix_path')
[0.279s] INFO:colcon.colcon_core.shell:Creating environment hook '/home/khshih/self_driving_cars_ros2/install/py_pubsub/share/py_pubsub/hook/ament_prefix_path.ps1'
[0.280s] INFO:colcon.colcon_core.shell:Creating environment descriptor '/home/khshih/self_driving_cars_ros2/install/py_pubsub/share/py_pubsub/hook/ament_prefix_path.dsv'
[0.280s] INFO:colcon.colcon_core.shell:Creating environment hook '/home/khshih/self_driving_cars_ros2/install/py_pubsub/share/py_pubsub/hook/ament_prefix_path.sh'
[0.281s] INFO:colcon.colcon_core.shell:Skip shell extension 'powershell' for command environment: Not usable outside of PowerShell
[0.282s] DEBUG:colcon.colcon_core.shell:Skip shell extension 'dsv' for command environment
[0.283s] DEBUG:colcon.colcon_core.shell:Ignoring prefix path '/opt/ros/dashing'
[0.284s] DEBUG:colcon.colcon_core.shell:Ignoring prefix path '/opt/ros/melodic'
[0.286s] INFO:colcon.colcon_ros.task.ament_cmake.build:Building ROS package in '/home/khshih/self_driving_cars_ros2/src/ros_tutorials/turtlesim' with build type 'ament_cmake'
[0.286s] INFO:colcon.colcon_cmake.task.cmake.build:Building CMake package in '/home/khshih/self_driving_cars_ros2/src/ros_tutorials/turtlesim'
[0.287s] INFO:colcon.colcon_core.shell:Skip shell extension 'powershell' for command environment: Not usable outside of PowerShell
[0.287s] DEBUG:colcon.colcon_core.shell:Skip shell extension 'dsv' for command environment
[0.289s] DEBUG:colcon.colcon_core.shell:Ignoring prefix path '/opt/ros/dashing'
[0.289s] DEBUG:colcon.colcon_core.shell:Ignoring prefix path '/opt/ros/melodic'
[0.298s] DEBUG:colcon.colcon_core.event_handler.log_command:Invoking command in '/home/khshih/self_driving_cars_ros2/build/beginner': CMAKE_PREFIX_PATH=/opt/ros/dashing:${CMAKE_PREFIX_PATH} /usr/bin/cmake /home/khshih/self_driving_cars_ros2/src/beginner -DCMAKE_INSTALL_PREFIX=/home/khshih/self_driving_cars_ros2/install/beginner
[0.604s] INFO:colcon.colcon_core.task.python.build:Building Python package in '/home/khshih/self_driving_cars_ros2/src/py_pubsub'
[0.605s] INFO:colcon.colcon_core.shell:Skip shell extension 'powershell' for command environment: Not usable outside of PowerShell
[0.605s] DEBUG:colcon.colcon_core.shell:Skip shell extension 'dsv' for command environment
[0.607s] DEBUG:colcon.colcon_core.shell:Ignoring prefix path '/opt/ros/dashing'
[0.608s] DEBUG:colcon.colcon_core.shell:Ignoring prefix path '/opt/ros/melodic'
[0.616s] DEBUG:colcon.colcon_core.event_handler.log_command:Invoking command in '/home/khshih/self_driving_cars_ros2/build/turtlesim': CMAKE_PREFIX_PATH=/opt/ros/dashing:${CMAKE_PREFIX_PATH} /usr/bin/cmake /home/khshih/self_driving_cars_ros2/src/ros_tutorials/turtlesim -DCMAKE_INSTALL_PREFIX=/home/khshih/self_driving_cars_ros2/install/turtlesim
[0.627s] DEBUG:colcon.colcon_core.event_handler.log_command:Invoking command in '/home/khshih/self_driving_cars_ros2/src/py_pubsub': PYTHONPATH=/home/khshih/self_driving_cars_ros2/install/py_pubsub/lib/python3.6/site-packages:${PYTHONPATH} /usr/bin/python3 setup.py egg_info --egg-base /home/khshih/self_driving_cars_ros2/build/py_pubsub build --build-base /home/khshih/self_driving_cars_ros2/build/py_pubsub/build install --prefix /home/khshih/self_driving_cars_ros2/install/py_pubsub --record /home/khshih/self_driving_cars_ros2/build/py_pubsub/install.log --single-version-externally-managed
[0.864s] DEBUG:colcon.colcon_core.event_handler.log_command:Invoked command in '/home/khshih/self_driving_cars_ros2/build/beginner' returned '0': CMAKE_PREFIX_PATH=/opt/ros/dashing:${CMAKE_PREFIX_PATH} /usr/bin/cmake /home/khshih/self_driving_cars_ros2/src/beginner -DCMAKE_INSTALL_PREFIX=/home/khshih/self_driving_cars_ros2/install/beginner
[0.868s] DEBUG:colcon.colcon_core.event_handler.log_command:Invoking command in '/home/khshih/self_driving_cars_ros2/build/beginner': CMAKE_PREFIX_PATH=/opt/ros/dashing:${CMAKE_PREFIX_PATH} /usr/bin/cmake --build /home/khshih/self_driving_cars_ros2/build/beginner -- -j8 -l8
[0.959s] DEBUG:colcon.colcon_core.event_handler.log_command:Invoked command in '/home/khshih/self_driving_cars_ros2/build/beginner' returned '0': CMAKE_PREFIX_PATH=/opt/ros/dashing:${CMAKE_PREFIX_PATH} /usr/bin/cmake --build /home/khshih/self_driving_cars_ros2/build/beginner -- -j8 -l8
[1.011s] DEBUG:colcon.colcon_core.event_handler.log_command:Invoking command in '/home/khshih/self_driving_cars_ros2/build/beginner': CMAKE_PREFIX_PATH=/opt/ros/dashing:${CMAKE_PREFIX_PATH} /usr/bin/cmake --build /home/khshih/self_driving_cars_ros2/build/beginner --target install -- -j8 -l8
[1.086s] DEBUG:colcon.colcon_core.event_handler.log_command:Invoked command in '/home/khshih/self_driving_cars_ros2/src/py_pubsub' returned '0': PYTHONPATH=/home/khshih/self_driving_cars_ros2/install/py_pubsub/lib/python3.6/site-packages:${PYTHONPATH} /usr/bin/python3 setup.py egg_info --egg-base /home/khshih/self_driving_cars_ros2/build/py_pubsub build --build-base /home/khshih/self_driving_cars_ros2/build/py_pubsub/build install --prefix /home/khshih/self_driving_cars_ros2/install/py_pubsub --record /home/khshih/self_driving_cars_ros2/build/py_pubsub/install.log --single-version-externally-managed
[1.090s] Level 1:colcon.colcon_core.environment:checking '/home/khshih/self_driving_cars_ros2/install/py_pubsub' for CMake module files
[1.092s] Level 1:colcon.colcon_core.environment:checking '/home/khshih/self_driving_cars_ros2/install/py_pubsub' for CMake config files
[1.093s] Level 1:colcon.colcon_core.environment:checking '/home/khshih/self_driving_cars_ros2/install/py_pubsub/lib'
[1.094s] Level 1:colcon.colcon_core.environment:checking '/home/khshih/self_driving_cars_ros2/install/py_pubsub/bin'
[1.094s] Level 1:colcon.colcon_core.environment:checking '/home/khshih/self_driving_cars_ros2/install/py_pubsub/lib/pkgconfig/py_pubsub.pc'
[1.094s] Level 1:colcon.colcon_core.environment:checking '/home/khshih/self_driving_cars_ros2/install/py_pubsub/lib/python3.6/site-packages'
[1.094s] Level 1:colcon.colcon_core.shell:create_environment_hook('py_pubsub', 'pythonpath')
[1.096s] INFO:colcon.colcon_core.shell:Creating environment hook '/home/khshih/self_driving_cars_ros2/install/py_pubsub/share/py_pubsub/hook/pythonpath.ps1'
[1.096s] INFO:colcon.colcon_core.shell:Creating environment descriptor '/home/khshih/self_driving_cars_ros2/install/py_pubsub/share/py_pubsub/hook/pythonpath.dsv'
[1.097s] INFO:colcon.colcon_core.shell:Creating environment hook '/home/khshih/self_driving_cars_ros2/install/py_pubsub/share/py_pubsub/hook/pythonpath.sh'
[1.098s] Level 1:colcon.colcon_core.environment:create_environment_scripts_only(py_pubsub)
[1.099s] INFO:colcon.colcon_core.shell:Creating package script '/home/khshih/self_driving_cars_ros2/install/py_pubsub/share/py_pubsub/package.ps1'
[1.101s] INFO:colcon.colcon_core.shell:Creating package descriptor '/home/khshih/self_driving_cars_ros2/install/py_pubsub/share/py_pubsub/package.dsv'
[1.102s] INFO:colcon.colcon_core.shell:Creating package script '/home/khshih/self_driving_cars_ros2/install/py_pubsub/share/py_pubsub/package.sh'
[1.104s] INFO:colcon.colcon_core.shell:Creating package script '/home/khshih/self_driving_cars_ros2/install/py_pubsub/share/py_pubsub/package.bash'
[1.105s] INFO:colcon.colcon_core.shell:Creating package script '/home/khshih/self_driving_cars_ros2/install/py_pubsub/share/py_pubsub/package.zsh'
[1.106s] Level 1:colcon.colcon_core.environment:create_file_with_runtime_dependencies(/home/khshih/self_driving_cars_ros2/install/py_pubsub/share/colcon-core/packages/py_pubsub)
[1.135s] Level 1:colcon.colcon_core.environment:create_environment_scripts_only(beginner)
[1.136s] Level 1:colcon.colcon_core.environment:checking '/home/khshih/self_driving_cars_ros2/install/beginner' for CMake module files
[1.137s] DEBUG:colcon.colcon_core.event_handler.log_command:Invoked command in '/home/khshih/self_driving_cars_ros2/build/beginner' returned '0': CMAKE_PREFIX_PATH=/opt/ros/dashing:${CMAKE_PREFIX_PATH} /usr/bin/cmake --build /home/khshih/self_driving_cars_ros2/build/beginner --target install -- -j8 -l8
[1.138s] Level 1:colcon.colcon_core.environment:checking '/home/khshih/self_driving_cars_ros2/install/beginner' for CMake config files
[1.138s] Level 1:colcon.colcon_core.shell:create_environment_hook('beginner', 'cmake_prefix_path')
[1.139s] INFO:colcon.colcon_core.shell:Creating environment hook '/home/khshih/self_driving_cars_ros2/install/beginner/share/beginner/hook/cmake_prefix_path.ps1'
[1.140s] INFO:colcon.colcon_core.shell:Creating environment descriptor '/home/khshih/self_driving_cars_ros2/install/beginner/share/beginner/hook/cmake_prefix_path.dsv'
[1.141s] INFO:colcon.colcon_core.shell:Creating environment hook '/home/khshih/self_driving_cars_ros2/install/beginner/share/beginner/hook/cmake_prefix_path.sh'
[1.142s] Level 1:colcon.colcon_core.environment:checking '/home/khshih/self_driving_cars_ros2/install/beginner/lib'
[1.142s] Level 1:colcon.colcon_core.environment:checking '/home/khshih/self_driving_cars_ros2/install/beginner/bin'
[1.142s] Level 1:colcon.colcon_core.environment:checking '/home/khshih/self_driving_cars_ros2/install/beginner/lib/pkgconfig/beginner.pc'
[1.143s] Level 1:colcon.colcon_core.environment:checking '/home/khshih/self_driving_cars_ros2/install/beginner/lib/python3.6/site-packages'
[1.144s] INFO:colcon.colcon_core.shell:Creating package script '/home/khshih/self_driving_cars_ros2/install/beginner/share/beginner/package.ps1'
[1.145s] INFO:colcon.colcon_core.shell:Creating package descriptor '/home/khshih/self_driving_cars_ros2/install/beginner/share/beginner/package.dsv'
[1.146s] INFO:colcon.colcon_core.shell:Creating package script '/home/khshih/self_driving_cars_ros2/install/beginner/share/beginner/package.sh'
[1.147s] INFO:colcon.colcon_core.shell:Creating package script '/home/khshih/self_driving_cars_ros2/install/beginner/share/beginner/package.bash'
[1.148s] INFO:colcon.colcon_core.shell:Creating package script '/home/khshih/self_driving_cars_ros2/install/beginner/share/beginner/package.zsh'
[1.148s] Level 1:colcon.colcon_core.environment:create_file_with_runtime_dependencies(/home/khshih/self_driving_cars_ros2/install/beginner/share/colcon-core/packages/beginner)
[1.186s] Level 1:colcon.colcon_core.environment:create_environment_scripts_only(beginner)
[1.189s] Level 1:colcon.colcon_core.environment:checking '/home/khshih/self_driving_cars_ros2/install/beginner' for CMake module files
[1.190s] Level 1:colcon.colcon_core.environment:checking '/home/khshih/self_driving_cars_ros2/install/beginner' for CMake config files
[1.191s] Level 1:colcon.colcon_core.shell:create_environment_hook('beginner', 'cmake_prefix_path')
[1.192s] INFO:colcon.colcon_core.shell:Creating environment hook '/home/khshih/self_driving_cars_ros2/install/beginner/share/beginner/hook/cmake_prefix_path.ps1'
[1.193s] INFO:colcon.colcon_core.shell:Creating environment descriptor '/home/khshih/self_driving_cars_ros2/install/beginner/share/beginner/hook/cmake_prefix_path.dsv'
[1.194s] INFO:colcon.colcon_core.shell:Creating environment hook '/home/khshih/self_driving_cars_ros2/install/beginner/share/beginner/hook/cmake_prefix_path.sh'
[1.196s] Level 1:colcon.colcon_core.environment:checking '/home/khshih/self_driving_cars_ros2/install/beginner/lib'
[1.196s] Level 1:colcon.colcon_core.environment:checking '/home/khshih/self_driving_cars_ros2/install/beginner/bin'
[1.197s] Level 1:colcon.colcon_core.environment:checking '/home/khshih/self_driving_cars_ros2/install/beginner/lib/pkgconfig/beginner.pc'
[1.197s] Level 1:colcon.colcon_core.environment:checking '/home/khshih/self_driving_cars_ros2/install/beginner/lib/python3.6/site-packages'
[1.198s] INFO:colcon.colcon_core.shell:Creating package script '/home/khshih/self_driving_cars_ros2/install/beginner/share/beginner/package.ps1'
[1.199s] INFO:colcon.colcon_core.shell:Creating package descriptor '/home/khshih/self_driving_cars_ros2/install/beginner/share/beginner/package.dsv'
[1.200s] INFO:colcon.colcon_core.shell:Creating package script '/home/khshih/self_driving_cars_ros2/install/beginner/share/beginner/package.sh'
[1.201s] INFO:colcon.colcon_core.shell:Creating package script '/home/khshih/self_driving_cars_ros2/install/beginner/share/beginner/package.bash'
[1.202s] INFO:colcon.colcon_core.shell:Creating package script '/home/khshih/self_driving_cars_ros2/install/beginner/share/beginner/package.zsh'
[1.202s] Level 1:colcon.colcon_core.environment:create_file_with_runtime_dependencies(/home/khshih/self_driving_cars_ros2/install/beginner/share/colcon-core/packages/beginner)
[3.976s] DEBUG:colcon.colcon_core.event_handler.log_command:Invoked command in '/home/khshih/self_driving_cars_ros2/build/turtlesim' returned '0': CMAKE_PREFIX_PATH=/opt/ros/dashing:${CMAKE_PREFIX_PATH} /usr/bin/cmake /home/khshih/self_driving_cars_ros2/src/ros_tutorials/turtlesim -DCMAKE_INSTALL_PREFIX=/home/khshih/self_driving_cars_ros2/install/turtlesim
[3.977s] DEBUG:colcon.colcon_core.event_handler.log_command:Invoking command in '/home/khshih/self_driving_cars_ros2/build/turtlesim': CMAKE_PREFIX_PATH=/opt/ros/dashing:${CMAKE_PREFIX_PATH} /usr/bin/cmake --build /home/khshih/self_driving_cars_ros2/build/turtlesim -- -j8 -l8
[23.394s] DEBUG:colcon.colcon_core.event_handler.log_command:Invoked command in '/home/khshih/self_driving_cars_ros2/build/turtlesim' returned '0': CMAKE_PREFIX_PATH=/opt/ros/dashing:${CMAKE_PREFIX_PATH} /usr/bin/cmake --build /home/khshih/self_driving_cars_ros2/build/turtlesim -- -j8 -l8
[23.624s] DEBUG:colcon.colcon_core.event_handler.log_command:Invoking command in '/home/khshih/self_driving_cars_ros2/build/turtlesim': CMAKE_PREFIX_PATH=/opt/ros/dashing:${CMAKE_PREFIX_PATH} /usr/bin/cmake --build /home/khshih/self_driving_cars_ros2/build/turtlesim --target install -- -j8 -l8
[24.095s] Level 1:colcon.colcon_core.environment:create_environment_scripts_only(turtlesim)
[24.098s] Level 1:colcon.colcon_core.environment:checking '/home/khshih/self_driving_cars_ros2/install/turtlesim' for CMake module files
[24.099s] DEBUG:colcon.colcon_core.event_handler.log_command:Invoked command in '/home/khshih/self_driving_cars_ros2/build/turtlesim' returned '0': CMAKE_PREFIX_PATH=/opt/ros/dashing:${CMAKE_PREFIX_PATH} /usr/bin/cmake --build /home/khshih/self_driving_cars_ros2/build/turtlesim --target install -- -j8 -l8
[24.100s] Level 1:colcon.colcon_core.environment:checking '/home/khshih/self_driving_cars_ros2/install/turtlesim' for CMake config files
[24.101s] Level 1:colcon.colcon_core.shell:create_environment_hook('turtlesim', 'cmake_prefix_path')
[24.102s] INFO:colcon.colcon_core.shell:Creating environment hook '/home/khshih/self_driving_cars_ros2/install/turtlesim/share/turtlesim/hook/cmake_prefix_path.ps1'
[24.103s] INFO:colcon.colcon_core.shell:Creating environment descriptor '/home/khshih/self_driving_cars_ros2/install/turtlesim/share/turtlesim/hook/cmake_prefix_path.dsv'
[24.104s] INFO:colcon.colcon_core.shell:Creating environment hook '/home/khshih/self_driving_cars_ros2/install/turtlesim/share/turtlesim/hook/cmake_prefix_path.sh'
[24.105s] Level 1:colcon.colcon_core.environment:checking '/home/khshih/self_driving_cars_ros2/install/turtlesim/lib'
[24.105s] Level 1:colcon.colcon_core.shell:create_environment_hook('turtlesim', 'ld_library_path_lib')
[24.106s] INFO:colcon.colcon_core.shell:Creating environment hook '/home/khshih/self_driving_cars_ros2/install/turtlesim/share/turtlesim/hook/ld_library_path_lib.ps1'
[24.107s] INFO:colcon.colcon_core.shell:Creating environment descriptor '/home/khshih/self_driving_cars_ros2/install/turtlesim/share/turtlesim/hook/ld_library_path_lib.dsv'
[24.107s] INFO:colcon.colcon_core.shell:Creating environment hook '/home/khshih/self_driving_cars_ros2/install/turtlesim/share/turtlesim/hook/ld_library_path_lib.sh'
[24.108s] Level 1:colcon.colcon_core.environment:checking '/home/khshih/self_driving_cars_ros2/install/turtlesim/bin'
[24.108s] Level 1:colcon.colcon_core.environment:checking '/home/khshih/self_driving_cars_ros2/install/turtlesim/lib/pkgconfig/turtlesim.pc'
[24.108s] Level 1:colcon.colcon_core.environment:checking '/home/khshih/self_driving_cars_ros2/install/turtlesim/lib/python3.6/site-packages'
[24.108s] Level 1:colcon.colcon_core.shell:create_environment_hook('turtlesim', 'pythonpath')
[24.110s] INFO:colcon.colcon_core.shell:Creating environment hook '/home/khshih/self_driving_cars_ros2/install/turtlesim/share/turtlesim/hook/pythonpath.ps1'
[24.110s] INFO:colcon.colcon_core.shell:Creating environment descriptor '/home/khshih/self_driving_cars_ros2/install/turtlesim/share/turtlesim/hook/pythonpath.dsv'
[24.111s] INFO:colcon.colcon_core.shell:Creating environment hook '/home/khshih/self_driving_cars_ros2/install/turtlesim/share/turtlesim/hook/pythonpath.sh'
[24.113s] INFO:colcon.colcon_core.shell:Creating package script '/home/khshih/self_driving_cars_ros2/install/turtlesim/share/turtlesim/package.ps1'
[24.114s] INFO:colcon.colcon_core.shell:Creating package descriptor '/home/khshih/self_driving_cars_ros2/install/turtlesim/share/turtlesim/package.dsv'
[24.115s] INFO:colcon.colcon_core.shell:Creating package script '/home/khshih/self_driving_cars_ros2/install/turtlesim/share/turtlesim/package.sh'
[24.116s] INFO:colcon.colcon_core.shell:Creating package script '/home/khshih/self_driving_cars_ros2/install/turtlesim/share/turtlesim/package.bash'
[24.116s] INFO:colcon.colcon_core.shell:Creating package script '/home/khshih/self_driving_cars_ros2/install/turtlesim/share/turtlesim/package.zsh'
[24.117s] Level 1:colcon.colcon_core.environment:create_file_with_runtime_dependencies(/home/khshih/self_driving_cars_ros2/install/turtlesim/share/colcon-core/packages/turtlesim)
[24.315s] Level 1:colcon.colcon_core.environment:create_environment_scripts_only(turtlesim)
[24.316s] Level 1:colcon.colcon_core.environment:checking '/home/khshih/self_driving_cars_ros2/install/turtlesim' for CMake module files
[24.317s] Level 1:colcon.colcon_core.environment:checking '/home/khshih/self_driving_cars_ros2/install/turtlesim' for CMake config files
[24.318s] Level 1:colcon.colcon_core.shell:create_environment_hook('turtlesim', 'cmake_prefix_path')
[24.318s] INFO:colcon.colcon_core.shell:Creating environment hook '/home/khshih/self_driving_cars_ros2/install/turtlesim/share/turtlesim/hook/cmake_prefix_path.ps1'
[24.319s] INFO:colcon.colcon_core.shell:Creating environment descriptor '/home/khshih/self_driving_cars_ros2/install/turtlesim/share/turtlesim/hook/cmake_prefix_path.dsv'
[24.320s] INFO:colcon.colcon_core.shell:Creating environment hook '/home/khshih/self_driving_cars_ros2/install/turtlesim/share/turtlesim/hook/cmake_prefix_path.sh'
[24.320s] Level 1:colcon.colcon_core.environment:checking '/home/khshih/self_driving_cars_ros2/install/turtlesim/lib'
[24.321s] Level 1:colcon.colcon_core.shell:create_environment_hook('turtlesim', 'ld_library_path_lib')
[24.321s] INFO:colcon.colcon_core.shell:Creating environment hook '/home/khshih/self_driving_cars_ros2/install/turtlesim/share/turtlesim/hook/ld_library_path_lib.ps1'
[24.322s] INFO:colcon.colcon_core.shell:Creating environment descriptor '/home/khshih/self_driving_cars_ros2/install/turtlesim/share/turtlesim/hook/ld_library_path_lib.dsv'
[24.322s] INFO:colcon.colcon_core.shell:Creating environment hook '/home/khshih/self_driving_cars_ros2/install/turtlesim/share/turtlesim/hook/ld_library_path_lib.sh'
[24.323s] Level 1:colcon.colcon_core.environment:checking '/home/khshih/self_driving_cars_ros2/install/turtlesim/bin'
[24.323s] Level 1:colcon.colcon_core.environment:checking '/home/khshih/self_driving_cars_ros2/install/turtlesim/lib/pkgconfig/turtlesim.pc'
[24.323s] Level 1:colcon.colcon_core.environment:checking '/home/khshih/self_driving_cars_ros2/install/turtlesim/lib/python3.6/site-packages'
[24.323s] Level 1:colcon.colcon_core.shell:create_environment_hook('turtlesim', 'pythonpath')
[24.323s] INFO:colcon.colcon_core.shell:Creating environment hook '/home/khshih/self_driving_cars_ros2/install/turtlesim/share/turtlesim/hook/pythonpath.ps1'
[24.324s] INFO:colcon.colcon_core.shell:Creating environment descriptor '/home/khshih/self_driving_cars_ros2/install/turtlesim/share/turtlesim/hook/pythonpath.dsv'
[24.324s] INFO:colcon.colcon_core.shell:Creating environment hook '/home/khshih/self_driving_cars_ros2/install/turtlesim/share/turtlesim/hook/pythonpath.sh'
[24.326s] INFO:colcon.colcon_core.shell:Creating package script '/home/khshih/self_driving_cars_ros2/install/turtlesim/share/turtlesim/package.ps1'
[24.327s] INFO:colcon.colcon_core.shell:Creating package descriptor '/home/khshih/self_driving_cars_ros2/install/turtlesim/share/turtlesim/package.dsv'
[24.328s] INFO:colcon.colcon_core.shell:Creating package script '/home/khshih/self_driving_cars_ros2/install/turtlesim/share/turtlesim/package.sh'
[24.328s] INFO:colcon.colcon_core.shell:Creating package script '/home/khshih/self_driving_cars_ros2/install/turtlesim/share/turtlesim/package.bash'
[24.329s] INFO:colcon.colcon_core.shell:Creating package script '/home/khshih/self_driving_cars_ros2/install/turtlesim/share/turtlesim/package.zsh'
[24.329s] Level 1:colcon.colcon_core.environment:create_file_with_runtime_dependencies(/home/khshih/self_driving_cars_ros2/install/turtlesim/share/colcon-core/packages/turtlesim)
[24.330s] DEBUG:colcon.colcon_parallel_executor.executor.parallel:closing loop
[24.331s] DEBUG:colcon.colcon_parallel_executor.executor.parallel:loop closed
[24.331s] DEBUG:colcon.colcon_parallel_executor.executor.parallel:run_until_complete finished with '0'
[24.331s] DEBUG:colcon.colcon_core.event_reactor:joining thread
[24.340s] INFO:colcon.colcon_core.plugin_system:Skipping extension 'colcon_notification.desktop_notification.terminal_notifier': Not used on non-Darwin systems
[24.340s] INFO:colcon.colcon_core.plugin_system:Skipping extension 'colcon_notification.desktop_notification.win32': Not used on non-Windows systems
[24.340s] INFO:colcon.colcon_notification.desktop_notification:Sending desktop notification using 'notify2'
[24.344s] DEBUG:colcon.colcon_core.event_reactor:joined thread
[24.345s] INFO:colcon.colcon_core.shell:Creating prefix script '/home/khshih/self_driving_cars_ros2/install/local_setup.ps1'
[24.346s] INFO:colcon.colcon_core.shell:Creating prefix util module '/home/khshih/self_driving_cars_ros2/install/_local_setup_util_ps1.py'
[24.348s] INFO:colcon.colcon_core.shell:Creating prefix chain script '/home/khshih/self_driving_cars_ros2/install/setup.ps1'
[24.351s] INFO:colcon.colcon_core.shell:Creating prefix script '/home/khshih/self_driving_cars_ros2/install/local_setup.sh'
[24.351s] INFO:colcon.colcon_core.shell:Creating prefix util module '/home/khshih/self_driving_cars_ros2/install/_local_setup_util_sh.py'
[24.352s] INFO:colcon.colcon_core.shell:Creating prefix chain script '/home/khshih/self_driving_cars_ros2/install/setup.sh'
[24.355s] INFO:colcon.colcon_core.shell:Creating prefix script '/home/khshih/self_driving_cars_ros2/install/local_setup.bash'
[24.356s] INFO:colcon.colcon_core.shell:Creating prefix chain script '/home/khshih/self_driving_cars_ros2/install/setup.bash'
[24.359s] INFO:colcon.colcon_core.shell:Creating prefix script '/home/khshih/self_driving_cars_ros2/install/local_setup.zsh'
[24.360s] INFO:colcon.colcon_core.shell:Creating prefix chain script '/home/khshih/self_driving_cars_ros2/install/setup.zsh'
