[0.330s] Invoking command in '/home/khshih/self_driving_cars_ros2/build/turtlesim': CMAKE_PREFIX_PATH=/opt/ros/dashing:${CMAKE_PREFIX_PATH} /usr/bin/cmake /home/khshih/self_driving_cars_ros2/src/ros_tutorials/turtlesim -DCMAKE_INSTALL_PREFIX=/home/khshih/self_driving_cars_ros2/install/turtlesim
[0.400s] -- The C compiler identification is GNU 6.5.0
[0.462s] -- The CXX compiler identification is GNU 6.5.0
[0.467s] -- Check for working C compiler: /usr/bin/cc
[0.554s] -- Check for working C compiler: /usr/bin/cc -- works
[0.554s] -- Detecting C compiler ABI info
[0.650s] -- Detecting C compiler ABI info - done
[0.659s] -- Detecting C compile features
[0.904s] -- Detecting C compile features - done
[0.907s] -- Check for working CXX compiler: /usr/bin/c++
[1.007s] -- Check for working CXX compiler: /usr/bin/c++ -- works
[1.008s] -- Detecting CXX compiler ABI info
[1.115s] -- Detecting CXX compiler ABI info - done
[1.123s] -- Detecting CXX compile features
[1.542s] -- Detecting CXX compile features - done
[1.545s] -- Found ament_cmake: 0.7.5 (/opt/ros/dashing/share/ament_cmake/cmake)
[1.577s] -- Found PythonInterp: /usr/bin/python3 (found suitable version "3.6.9", minimum required is "3") 
[1.577s] -- Using PYTHON_EXECUTABLE: /usr/bin/python3
[1.833s] -- Found ament_index_cpp: 0.7.2 (/opt/ros/dashing/share/ament_index_cpp/cmake)
[1.836s] -- Found geometry_msgs: 0.7.0 (/opt/ros/dashing/share/geometry_msgs/cmake)
[1.850s] -- Found rosidl_adapter: 0.7.9 (/opt/ros/dashing/share/rosidl_adapter/cmake)
[1.940s] -- Found rclcpp: 0.7.14 (/opt/ros/dashing/share/rclcpp/cmake)
[1.956s] -- Found rmw_implementation_cmake: 0.7.2 (/opt/ros/dashing/share/rmw_implementation_cmake/cmake)
[1.958s] -- Using RMW implementation 'rmw_fastrtps_cpp' as default
[1.959s] -- Looking for pthread.h
[2.057s] -- Looking for pthread.h - found
[2.058s] -- Looking for pthread_create
[2.150s] -- Looking for pthread_create - not found
[2.150s] -- Looking for pthread_create in pthreads
[2.221s] -- Looking for pthread_create in pthreads - not found
[2.221s] -- Looking for pthread_create in pthread
[2.291s] -- Looking for pthread_create in pthread - found
[2.292s] -- Found Threads: TRUE  
[2.323s] -- Found rclcpp_action: 0.7.14 (/opt/ros/dashing/share/rclcpp_action/cmake)
[2.389s] -- Found rosidl_default_generators: 0.7.0 (/opt/ros/dashing/share/rosidl_default_generators/cmake)
[2.464s] -- Found OpenSSL: /usr/lib/x86_64-linux-gnu/libcrypto.so (found version "1.1.1") 
[2.483s] -- Found FastRTPS: /opt/ros/dashing/include  
[2.540s] -- Found std_srvs: 0.7.0 (/opt/ros/dashing/share/std_srvs/cmake)
[2.573s] -- Found PythonInterp: /usr/bin/python3 (found version "3.6.9") 
[2.822s] -- Using single matching rosidl_typesupport_c: rosidl_typesupport_fastrtps_c
[2.836s] -- Using single matching rosidl_typesupport_cpp: rosidl_typesupport_fastrtps_cpp
[3.006s] -- Found PythonInterp: /usr/bin/python3 (found suitable version "3.6.9", minimum required is "3.5") 
[3.008s] -- Found python_cmake_module: 0.7.10 (/opt/ros/dashing/share/python_cmake_module/cmake)
[3.041s] -- Found PythonLibs: /usr/lib/x86_64-linux-gnu/libpython3.6m.so (found suitable version "3.6.9", minimum required is "3.5") 
[3.042s] -- Using PYTHON_EXECUTABLE: /usr/bin/python3
[3.042s] -- Using PYTHON_INCLUDE_DIRS: /usr/include/python3.6m
[3.042s] -- Using PYTHON_LIBRARIES: /usr/lib/x86_64-linux-gnu/libpython3.6m.so
[3.069s] -- Found PythonExtra: .so  
[3.437s] -- Configuring done
[3.678s] -- Generating done
[3.683s] -- Build files have been written to: /home/khshih/self_driving_cars_ros2/build/turtlesim
[3.690s] Invoked command in '/home/khshih/self_driving_cars_ros2/build/turtlesim' returned '0': CMAKE_PREFIX_PATH=/opt/ros/dashing:${CMAKE_PREFIX_PATH} /usr/bin/cmake /home/khshih/self_driving_cars_ros2/src/ros_tutorials/turtlesim -DCMAKE_INSTALL_PREFIX=/home/khshih/self_driving_cars_ros2/install/turtlesim
[3.691s] Invoking command in '/home/khshih/self_driving_cars_ros2/build/turtlesim': CMAKE_PREFIX_PATH=/opt/ros/dashing:${CMAKE_PREFIX_PATH} /usr/bin/cmake --build /home/khshih/self_driving_cars_ros2/build/turtlesim -- -j8 -l8
[3.753s] [35m[1mScanning dependencies of target turtlesim__cpp[0m
[3.753s] [  1%] [34m[1mGenerating C code for ROS interfaces[0m
[3.770s] [  2%] [34m[1mGenerating C++ code for ROS interfaces[0m
[4.783s] [  2%] Built target turtlesim__cpp
[4.795s] [  4%] [34m[1mGenerating C++ type support for eProsima Fast-RTPS[0m
[4.795s] [  4%] [34m[1mGenerating C++ introspection for ROS interfaces[0m
[5.050s] [35m[1mScanning dependencies of target turtlesim__rosidl_generator_c[0m
[5.075s] [  8%] [32mBuilding C object CMakeFiles/turtlesim__rosidl_generator_c.dir/rosidl_generator_c/turtlesim/action/rotate_absolute__functions.c.o[0m
[5.076s] [  8%] [32mBuilding C object CMakeFiles/turtlesim__rosidl_generator_c.dir/rosidl_generator_c/turtlesim/srv/set_pen__functions.c.o[0m
[5.076s] [  8%] [32mBuilding C object CMakeFiles/turtlesim__rosidl_generator_c.dir/rosidl_generator_c/turtlesim/msg/pose__functions.c.o[0m
[5.076s] [  9%] [32mBuilding C object CMakeFiles/turtlesim__rosidl_generator_c.dir/rosidl_generator_c/turtlesim/srv/spawn__functions.c.o[0m
[5.076s] [  9%] [32mBuilding C object CMakeFiles/turtlesim__rosidl_generator_c.dir/rosidl_generator_c/turtlesim/srv/kill__functions.c.o[0m
[5.077s] [ 10%] [32mBuilding C object CMakeFiles/turtlesim__rosidl_generator_c.dir/rosidl_generator_c/turtlesim/msg/color__functions.c.o[0m
[5.141s] [ 11%] [32mBuilding C object CMakeFiles/turtlesim__rosidl_generator_c.dir/rosidl_generator_c/turtlesim/srv/teleport_relative__functions.c.o[0m
[5.153s] [ 12%] [32mBuilding C object CMakeFiles/turtlesim__rosidl_generator_c.dir/rosidl_generator_c/turtlesim/srv/teleport_absolute__functions.c.o[0m
[5.222s] [ 13%] [32m[1mLinking C shared library libturtlesim__rosidl_generator_c.so[0m
[5.271s] [ 13%] Built target turtlesim__rosidl_generator_c
[5.288s] [ 14%] [34m[1mGenerating C introspection for ROS interfaces[0m
[5.775s] [35m[1mScanning dependencies of target turtlesim__rosidl_typesupport_introspection_cpp[0m
[5.805s] [ 15%] [32mBuilding CXX object CMakeFiles/turtlesim__rosidl_typesupport_introspection_cpp.dir/rosidl_typesupport_introspection_cpp/turtlesim/msg/pose__type_support.cpp.o[0m
[5.807s] [ 16%] [32mBuilding CXX object CMakeFiles/turtlesim__rosidl_typesupport_introspection_cpp.dir/rosidl_typesupport_introspection_cpp/turtlesim/action/rotate_absolute__type_support.cpp.o[0m
[5.807s] [ 17%] [32mBuilding CXX object CMakeFiles/turtlesim__rosidl_typesupport_introspection_cpp.dir/rosidl_typesupport_introspection_cpp/turtlesim/srv/kill__type_support.cpp.o[0m
[5.808s] [ 18%] [32mBuilding CXX object CMakeFiles/turtlesim__rosidl_typesupport_introspection_cpp.dir/rosidl_typesupport_introspection_cpp/turtlesim/msg/color__type_support.cpp.o[0m
[5.815s] [ 19%] [32mBuilding CXX object CMakeFiles/turtlesim__rosidl_typesupport_introspection_cpp.dir/rosidl_typesupport_introspection_cpp/turtlesim/srv/set_pen__type_support.cpp.o[0m
[5.817s] [ 20%] [32mBuilding CXX object CMakeFiles/turtlesim__rosidl_typesupport_introspection_cpp.dir/rosidl_typesupport_introspection_cpp/turtlesim/srv/spawn__type_support.cpp.o[0m
[6.355s] [ 21%] [32mBuilding CXX object CMakeFiles/turtlesim__rosidl_typesupport_introspection_cpp.dir/rosidl_typesupport_introspection_cpp/turtlesim/srv/teleport_relative__type_support.cpp.o[0m
[6.362s] [ 22%] [32mBuilding CXX object CMakeFiles/turtlesim__rosidl_typesupport_introspection_cpp.dir/rosidl_typesupport_introspection_cpp/turtlesim/srv/teleport_absolute__type_support.cpp.o[0m
[6.402s] [35m[1mScanning dependencies of target turtlesim__rosidl_typesupport_fastrtps_cpp[0m
[6.438s] [ 23%] [32mBuilding CXX object CMakeFiles/turtlesim__rosidl_typesupport_fastrtps_cpp.dir/rosidl_typesupport_fastrtps_cpp/turtlesim/srv/dds_fastrtps/kill__type_support.cpp.o[0m
[6.440s] [ 24%] [32mBuilding CXX object CMakeFiles/turtlesim__rosidl_typesupport_fastrtps_cpp.dir/rosidl_typesupport_fastrtps_cpp/turtlesim/action/dds_fastrtps/rotate_absolute__type_support.cpp.o[0m
[6.440s] [ 25%] [32mBuilding CXX object CMakeFiles/turtlesim__rosidl_typesupport_fastrtps_cpp.dir/rosidl_typesupport_fastrtps_cpp/turtlesim/msg/dds_fastrtps/pose__type_support.cpp.o[0m
[6.443s] [ 26%] [32mBuilding CXX object CMakeFiles/turtlesim__rosidl_typesupport_fastrtps_cpp.dir/rosidl_typesupport_fastrtps_cpp/turtlesim/msg/dds_fastrtps/color__type_support.cpp.o[0m
[6.446s] [ 27%] [32mBuilding CXX object CMakeFiles/turtlesim__rosidl_typesupport_fastrtps_cpp.dir/rosidl_typesupport_fastrtps_cpp/turtlesim/srv/dds_fastrtps/set_pen__type_support.cpp.o[0m
[6.915s] [ 28%] [32mBuilding CXX object CMakeFiles/turtlesim__rosidl_typesupport_fastrtps_cpp.dir/rosidl_typesupport_fastrtps_cpp/turtlesim/srv/dds_fastrtps/spawn__type_support.cpp.o[0m
[6.941s] [ 29%] [32m[1mLinking CXX shared library libturtlesim__rosidl_typesupport_introspection_cpp.so[0m
[7.065s] [35m[1mScanning dependencies of target turtlesim__rosidl_typesupport_introspection_c[0m
[7.152s] [ 29%] Built target turtlesim__rosidl_typesupport_introspection_cpp
[7.188s] [ 30%] [32mBuilding C object CMakeFiles/turtlesim__rosidl_typesupport_introspection_c.dir/rosidl_typesupport_introspection_c/turtlesim/action/rotate_absolute__type_support.c.o[0m
[7.211s] [ 31%] [32mBuilding C object CMakeFiles/turtlesim__rosidl_typesupport_introspection_c.dir/rosidl_typesupport_introspection_c/turtlesim/msg/color__type_support.c.o[0m
[7.250s] [ 32%] [32mBuilding CXX object CMakeFiles/turtlesim__rosidl_typesupport_fastrtps_cpp.dir/rosidl_typesupport_fastrtps_cpp/turtlesim/srv/dds_fastrtps/teleport_absolute__type_support.cpp.o[0m
[7.252s] [ 34%] [32mBuilding C object CMakeFiles/turtlesim__rosidl_typesupport_introspection_c.dir/rosidl_typesupport_introspection_c/turtlesim/msg/pose__type_support.c.o[0m
[7.273s] [ 35%] [32mBuilding CXX object CMakeFiles/turtlesim__rosidl_typesupport_fastrtps_cpp.dir/rosidl_typesupport_fastrtps_cpp/turtlesim/srv/dds_fastrtps/teleport_relative__type_support.cpp.o[0m
[7.281s] [ 36%] [32mBuilding C object CMakeFiles/turtlesim__rosidl_typesupport_introspection_c.dir/rosidl_typesupport_introspection_c/turtlesim/srv/kill__type_support.c.o[0m
[7.293s] [ 37%] [32mBuilding C object CMakeFiles/turtlesim__rosidl_typesupport_introspection_c.dir/rosidl_typesupport_introspection_c/turtlesim/srv/set_pen__type_support.c.o[0m
[7.320s] [ 38%] [32mBuilding C object CMakeFiles/turtlesim__rosidl_typesupport_introspection_c.dir/rosidl_typesupport_introspection_c/turtlesim/srv/spawn__type_support.c.o[0m
[7.364s] [ 39%] [32mBuilding C object CMakeFiles/turtlesim__rosidl_typesupport_introspection_c.dir/rosidl_typesupport_introspection_c/turtlesim/srv/teleport_absolute__type_support.c.o[0m
[7.381s] [ 40%] [32mBuilding C object CMakeFiles/turtlesim__rosidl_typesupport_introspection_c.dir/rosidl_typesupport_introspection_c/turtlesim/srv/teleport_relative__type_support.c.o[0m
[7.418s] [ 41%] [32m[1mLinking C shared library libturtlesim__rosidl_typesupport_introspection_c.so[0m
[7.457s] [ 41%] Built target turtlesim__rosidl_typesupport_introspection_c
[7.895s] [ 42%] [32m[1mLinking CXX shared library libturtlesim__rosidl_typesupport_fastrtps_cpp.so[0m
[7.988s] [ 42%] Built target turtlesim__rosidl_typesupport_fastrtps_cpp
[8.000s] [ 43%] [34m[1mGenerating C type support for eProsima Fast-RTPS[0m
[8.004s] [ 44%] [34m[1mGenerating C++ type support dispatch for ROS interfaces[0m
[8.706s] [35m[1mScanning dependencies of target turtlesim__rosidl_typesupport_cpp[0m
[8.738s] [ 45%] [32mBuilding CXX object CMakeFiles/turtlesim__rosidl_typesupport_cpp.dir/rosidl_typesupport_cpp/turtlesim/action/rotate_absolute__type_support.cpp.o[0m
[8.740s] [ 46%] [32mBuilding CXX object CMakeFiles/turtlesim__rosidl_typesupport_cpp.dir/rosidl_typesupport_cpp/turtlesim/msg/pose__type_support.cpp.o[0m
[8.740s] [ 47%] [32mBuilding CXX object CMakeFiles/turtlesim__rosidl_typesupport_cpp.dir/rosidl_typesupport_cpp/turtlesim/srv/set_pen__type_support.cpp.o[0m
[8.741s] [ 48%] [32mBuilding CXX object CMakeFiles/turtlesim__rosidl_typesupport_cpp.dir/rosidl_typesupport_cpp/turtlesim/msg/color__type_support.cpp.o[0m
[8.746s] [ 49%] [32mBuilding CXX object CMakeFiles/turtlesim__rosidl_typesupport_cpp.dir/rosidl_typesupport_cpp/turtlesim/srv/kill__type_support.cpp.o[0m
[8.748s] [ 50%] [32mBuilding CXX object CMakeFiles/turtlesim__rosidl_typesupport_cpp.dir/rosidl_typesupport_cpp/turtlesim/srv/spawn__type_support.cpp.o[0m
[8.754s] [ 51%] [32mBuilding CXX object CMakeFiles/turtlesim__rosidl_typesupport_cpp.dir/rosidl_typesupport_cpp/turtlesim/srv/teleport_absolute__type_support.cpp.o[0m
[9.521s] [ 52%] [32mBuilding CXX object CMakeFiles/turtlesim__rosidl_typesupport_cpp.dir/rosidl_typesupport_cpp/turtlesim/srv/teleport_relative__type_support.cpp.o[0m
[9.645s] [35m[1mScanning dependencies of target turtlesim__rosidl_typesupport_fastrtps_c[0m
[9.698s] [ 53%] [32mBuilding CXX object CMakeFiles/turtlesim__rosidl_typesupport_fastrtps_c.dir/rosidl_typesupport_fastrtps_c/turtlesim/msg/color__type_support_c.cpp.o[0m
[9.699s] [ 54%] [32mBuilding CXX object CMakeFiles/turtlesim__rosidl_typesupport_fastrtps_c.dir/rosidl_typesupport_fastrtps_c/turtlesim/srv/spawn__type_support_c.cpp.o[0m
[9.702s] [ 55%] [32mBuilding CXX object CMakeFiles/turtlesim__rosidl_typesupport_fastrtps_c.dir/rosidl_typesupport_fastrtps_c/turtlesim/msg/pose__type_support_c.cpp.o[0m
[9.704s] [ 56%] [32mBuilding CXX object CMakeFiles/turtlesim__rosidl_typesupport_fastrtps_c.dir/rosidl_typesupport_fastrtps_c/turtlesim/action/rotate_absolute__type_support_c.cpp.o[0m
[9.711s] [ 57%] [32mBuilding CXX object CMakeFiles/turtlesim__rosidl_typesupport_fastrtps_c.dir/rosidl_typesupport_fastrtps_c/turtlesim/srv/set_pen__type_support_c.cpp.o[0m
[9.712s] [ 58%] [32mBuilding CXX object CMakeFiles/turtlesim__rosidl_typesupport_fastrtps_c.dir/rosidl_typesupport_fastrtps_c/turtlesim/srv/kill__type_support_c.cpp.o[0m
[9.715s] [ 59%] [32mBuilding CXX object CMakeFiles/turtlesim__rosidl_typesupport_fastrtps_c.dir/rosidl_typesupport_fastrtps_c/turtlesim/srv/teleport_absolute__type_support_c.cpp.o[0m
[10.402s] [ 60%] [32mBuilding CXX object CMakeFiles/turtlesim__rosidl_typesupport_fastrtps_c.dir/rosidl_typesupport_fastrtps_c/turtlesim/srv/teleport_relative__type_support_c.cpp.o[0m
[10.429s] [ 61%] [32m[1mLinking CXX shared library libturtlesim__rosidl_typesupport_cpp.so[0m
[10.557s] [ 61%] Built target turtlesim__rosidl_typesupport_cpp
[10.805s] [ 62%] [32m[1mLinking CXX shared library libturtlesim__rosidl_typesupport_fastrtps_c.so[0m
[10.898s] [ 62%] Built target turtlesim__rosidl_typesupport_fastrtps_c
[10.910s] [ 63%] [34m[1mGenerating C type support dispatch for ROS interfaces[0m
[11.569s] [35m[1mScanning dependencies of target turtlesim__rosidl_typesupport_c[0m
[11.594s] [ 64%] [32mBuilding CXX object CMakeFiles/turtlesim__rosidl_typesupport_c.dir/rosidl_typesupport_c/turtlesim/msg/color__type_support.cpp.o[0m
[11.596s] [ 65%] [32mBuilding CXX object CMakeFiles/turtlesim__rosidl_typesupport_c.dir/rosidl_typesupport_c/turtlesim/action/rotate_absolute__type_support.cpp.o[0m
[11.597s] [ 67%] [32mBuilding CXX object CMakeFiles/turtlesim__rosidl_typesupport_c.dir/rosidl_typesupport_c/turtlesim/srv/teleport_relative__type_support.cpp.o[0m
[11.602s] [ 68%] [32mBuilding CXX object CMakeFiles/turtlesim__rosidl_typesupport_c.dir/rosidl_typesupport_c/turtlesim/srv/spawn__type_support.cpp.o[0m
[11.602s] [ 69%] [32mBuilding CXX object CMakeFiles/turtlesim__rosidl_typesupport_c.dir/rosidl_typesupport_c/turtlesim/srv/kill__type_support.cpp.o[0m
[11.603s] [ 70%] [32mBuilding CXX object CMakeFiles/turtlesim__rosidl_typesupport_c.dir/rosidl_typesupport_c/turtlesim/msg/pose__type_support.cpp.o[0m
[11.609s] [ 71%] [32mBuilding CXX object CMakeFiles/turtlesim__rosidl_typesupport_c.dir/rosidl_typesupport_c/turtlesim/srv/set_pen__type_support.cpp.o[0m
[11.609s] [ 72%] [32mBuilding CXX object CMakeFiles/turtlesim__rosidl_typesupport_c.dir/rosidl_typesupport_c/turtlesim/srv/teleport_absolute__type_support.cpp.o[0m
[11.681s] [ 73%] [32m[1mLinking CXX shared library libturtlesim__rosidl_typesupport_c.so[0m
[11.756s] [ 73%] Built target turtlesim__rosidl_typesupport_c
[11.769s] [35m[1mScanning dependencies of target turtlesim[0m
[11.782s] [ 73%] Built target turtlesim
[11.798s] [35m[1mScanning dependencies of target turtlesim__py[0m
[11.799s] [35m[1mScanning dependencies of target draw_square[0m
[11.799s] [ 74%] [34m[1mGenerating include/turtlesim/moc_turtle_frame.cpp[0m
[11.799s] [35m[1mScanning dependencies of target turtle_teleop_key[0m
[11.800s] [35m[1mScanning dependencies of target mimic[0m
[11.833s] [ 75%] [34m[1mGenerating Python code for ROS interfaces[0m
[11.889s] [ 76%] [32mBuilding CXX object CMakeFiles/mimic.dir/tutorials/mimic.cpp.o[0m
[11.923s] [ 77%] [32mBuilding CXX object CMakeFiles/turtle_teleop_key.dir/tutorials/teleop_turtle_key.cpp.o[0m
[11.925s] [35m[1mScanning dependencies of target turtlesim_node[0m
[11.935s] [ 78%] [32mBuilding CXX object CMakeFiles/draw_square.dir/tutorials/draw_square.cpp.o[0m
[12.077s] [ 79%] [32mBuilding CXX object CMakeFiles/turtlesim_node.dir/include/turtlesim/moc_turtle_frame.cpp.o[0m
[12.098s] [ 80%] [32mBuilding CXX object CMakeFiles/turtlesim_node.dir/src/turtle.cpp.o[0m
[12.101s] [ 81%] [32mBuilding CXX object CMakeFiles/turtlesim_node.dir/src/turtlesim.cpp.o[0m
[12.108s] [ 82%] [32mBuilding CXX object CMakeFiles/turtlesim_node.dir/src/turtle_frame.cpp.o[0m
[17.144s] [ 82%] Built target turtlesim__py
[17.165s] [35m[1mScanning dependencies of target turtlesim__python[0m
[17.313s] [ 83%] [32mBuilding C object CMakeFiles/turtlesim__python.dir/rosidl_generator_py/turtlesim/msg/_color_s.c.o[0m
[17.320s] [ 84%] [32mBuilding C object CMakeFiles/turtlesim__python.dir/rosidl_generator_py/turtlesim/action/_rotate_absolute_s.c.o[0m
[17.332s] [ 85%] [32mBuilding C object CMakeFiles/turtlesim__python.dir/rosidl_generator_py/turtlesim/msg/_pose_s.c.o[0m
[17.560s] [ 86%] [32mBuilding C object CMakeFiles/turtlesim__python.dir/rosidl_generator_py/turtlesim/srv/_kill_s.c.o[0m
[17.712s] [ 87%] [32mBuilding C object CMakeFiles/turtlesim__python.dir/rosidl_generator_py/turtlesim/srv/_set_pen_s.c.o[0m
[17.807s] [ 88%] [32m[1mLinking CXX executable mimic[0m
[17.819s] [ 89%] [32mBuilding C object CMakeFiles/turtlesim__python.dir/rosidl_generator_py/turtlesim/srv/_spawn_s.c.o[0m
[17.993s] [ 90%] [32mBuilding C object CMakeFiles/turtlesim__python.dir/rosidl_generator_py/turtlesim/srv/_teleport_absolute_s.c.o[0m
[18.010s] [ 91%] [32mBuilding C object CMakeFiles/turtlesim__python.dir/rosidl_generator_py/turtlesim/srv/_teleport_relative_s.c.o[0m
[18.283s] [ 92%] [32m[1mLinking C shared library rosidl_generator_py/turtlesim/libturtlesim__python.so[0m
[18.285s] [ 92%] Built target mimic
[18.374s] [ 92%] Built target turtlesim__python
[18.398s] [35m[1mScanning dependencies of target turtlesim__rosidl_typesupport_c__pyext[0m
[18.409s] [35m[1mScanning dependencies of target turtlesim__rosidl_typesupport_fastrtps_c__pyext[0m
[18.446s] [ 93%] [32mBuilding C object CMakeFiles/turtlesim__rosidl_typesupport_c__pyext.dir/rosidl_generator_py/turtlesim/_turtlesim_s.ep.rosidl_typesupport_c.c.o[0m
[18.457s] [ 94%] [32mBuilding C object CMakeFiles/turtlesim__rosidl_typesupport_fastrtps_c__pyext.dir/rosidl_generator_py/turtlesim/_turtlesim_s.ep.rosidl_typesupport_fastrtps_c.c.o[0m
[18.693s] [ 95%] [32m[1mLinking CXX executable turtle_teleop_key[0m
[18.766s] [ 96%] [32m[1mLinking C shared library rosidl_generator_py/turtlesim/turtlesim_s__rosidl_typesupport_c.cpython-36m-x86_64-linux-gnu.so[0m
[18.832s] [ 97%] [32m[1mLinking C shared library rosidl_generator_py/turtlesim/turtlesim_s__rosidl_typesupport_fastrtps_c.cpython-36m-x86_64-linux-gnu.so[0m
[18.916s] [ 98%] [32m[1mLinking CXX executable draw_square[0m
[18.935s] [ 98%] Built target turtlesim__rosidl_typesupport_c__pyext
[18.984s] [ 98%] Built target turtlesim__rosidl_typesupport_fastrtps_c__pyext
[19.218s] [ 98%] Built target turtle_teleop_key
[19.277s] [ 98%] Built target draw_square
[21.538s] [100%] [32m[1mLinking CXX executable turtlesim_node[0m
[23.089s] [100%] Built target turtlesim_node
[23.107s] Invoked command in '/home/khshih/self_driving_cars_ros2/build/turtlesim' returned '0': CMAKE_PREFIX_PATH=/opt/ros/dashing:${CMAKE_PREFIX_PATH} /usr/bin/cmake --build /home/khshih/self_driving_cars_ros2/build/turtlesim -- -j8 -l8
[23.337s] Invoking command in '/home/khshih/self_driving_cars_ros2/build/turtlesim': CMAKE_PREFIX_PATH=/opt/ros/dashing:${CMAKE_PREFIX_PATH} /usr/bin/cmake --build /home/khshih/self_driving_cars_ros2/build/turtlesim --target install -- -j8 -l8
[23.403s] [  1%] Built target turtlesim__cpp
[23.409s] [ 11%] Built target turtlesim__rosidl_generator_c
[23.436s] [ 21%] Built target turtlesim__rosidl_typesupport_introspection_cpp
[23.448s] [ 31%] Built target turtlesim__rosidl_typesupport_introspection_c
[23.452s] [ 42%] Built target turtlesim__rosidl_typesupport_fastrtps_cpp
[23.489s] [ 52%] Built target turtlesim__rosidl_typesupport_cpp
[23.496s] [ 62%] Built target turtlesim__rosidl_typesupport_fastrtps_c
[23.533s] [ 73%] Built target turtlesim__rosidl_typesupport_c
[23.556s] [ 73%] Built target turtlesim
[23.587s] [ 74%] Built target turtlesim__py
[23.600s] [ 76%] Built target mimic
[23.601s] [ 78%] Built target turtle_teleop_key
[23.602s] [ 80%] Built target draw_square
[23.622s] [ 86%] Built target turtlesim_node
[23.639s] [ 95%] Built target turtlesim__python
[23.680s] [ 97%] Built target turtlesim__rosidl_typesupport_c__pyext
[23.682s] [100%] Built target turtlesim__rosidl_typesupport_fastrtps_c__pyext
[23.711s] [36mInstall the project...[0m
[23.722s] -- Install configuration: ""
[23.722s] -- Installing: /home/khshih/self_driving_cars_ros2/install/turtlesim/share/ament_index/resource_index/rosidl_interfaces/turtlesim
[23.722s] -- Installing: /home/khshih/self_driving_cars_ros2/install/turtlesim/include/turtlesim
[23.723s] -- Installing: /home/khshih/self_driving_cars_ros2/install/turtlesim/include/turtlesim/srv
[23.723s] -- Installing: /home/khshih/self_driving_cars_ros2/install/turtlesim/include/turtlesim/srv/teleport_absolute__struct.hpp
[23.723s] -- Installing: /home/khshih/self_driving_cars_ros2/install/turtlesim/include/turtlesim/srv/teleport_absolute__traits.hpp
[23.723s] -- Installing: /home/khshih/self_driving_cars_ros2/install/turtlesim/include/turtlesim/srv/spawn__traits.hpp
[23.723s] -- Installing: /home/khshih/self_driving_cars_ros2/install/turtlesim/include/turtlesim/srv/kill__struct.hpp
[23.724s] -- Installing: /home/khshih/self_driving_cars_ros2/install/turtlesim/include/turtlesim/srv/kill__traits.hpp
[23.724s] -- Installing: /home/khshih/self_driving_cars_ros2/install/turtlesim/include/turtlesim/srv/set_pen__traits.hpp
[23.724s] -- Installing: /home/khshih/self_driving_cars_ros2/install/turtlesim/include/turtlesim/srv/kill.hpp
[23.724s] -- Installing: /home/khshih/self_driving_cars_ros2/install/turtlesim/include/turtlesim/srv/teleport_relative.hpp
[23.725s] -- Installing: /home/khshih/self_driving_cars_ros2/install/turtlesim/include/turtlesim/srv/teleport_absolute.hpp
[23.725s] -- Installing: /home/khshih/self_driving_cars_ros2/install/turtlesim/include/turtlesim/srv/teleport_relative__traits.hpp
[23.725s] -- Installing: /home/khshih/self_driving_cars_ros2/install/turtlesim/include/turtlesim/srv/teleport_relative__struct.hpp
[23.725s] -- Installing: /home/khshih/self_driving_cars_ros2/install/turtlesim/include/turtlesim/srv/spawn.hpp
[23.725s] -- Installing: /home/khshih/self_driving_cars_ros2/install/turtlesim/include/turtlesim/srv/set_pen.hpp
[23.725s] -- Installing: /home/khshih/self_driving_cars_ros2/install/turtlesim/include/turtlesim/srv/spawn__struct.hpp
[23.725s] -- Installing: /home/khshih/self_driving_cars_ros2/install/turtlesim/include/turtlesim/srv/set_pen__struct.hpp
[23.726s] -- Installing: /home/khshih/self_driving_cars_ros2/install/turtlesim/include/turtlesim/action
[23.726s] -- Installing: /home/khshih/self_driving_cars_ros2/install/turtlesim/include/turtlesim/action/rotate_absolute__traits.hpp
[23.726s] -- Installing: /home/khshih/self_driving_cars_ros2/install/turtlesim/include/turtlesim/action/rotate_absolute.hpp
[23.726s] -- Installing: /home/khshih/self_driving_cars_ros2/install/turtlesim/include/turtlesim/action/rotate_absolute__struct.hpp
[23.726s] -- Installing: /home/khshih/self_driving_cars_ros2/install/turtlesim/include/turtlesim/msg
[23.726s] -- Installing: /home/khshih/self_driving_cars_ros2/install/turtlesim/include/turtlesim/msg/color.hpp
[23.726s] -- Installing: /home/khshih/self_driving_cars_ros2/install/turtlesim/include/turtlesim/msg/color__struct.hpp
[23.726s] -- Installing: /home/khshih/self_driving_cars_ros2/install/turtlesim/include/turtlesim/msg/pose.hpp
[23.726s] -- Installing: /home/khshih/self_driving_cars_ros2/install/turtlesim/include/turtlesim/msg/color__traits.hpp
[23.727s] -- Installing: /home/khshih/self_driving_cars_ros2/install/turtlesim/include/turtlesim/msg/pose__traits.hpp
[23.727s] -- Installing: /home/khshih/self_driving_cars_ros2/install/turtlesim/include/turtlesim/msg/pose__struct.hpp
[23.727s] -- Up-to-date: /home/khshih/self_driving_cars_ros2/install/turtlesim/include/turtlesim
[23.727s] -- Up-to-date: /home/khshih/self_driving_cars_ros2/install/turtlesim/include/turtlesim/srv
[23.728s] -- Installing: /home/khshih/self_driving_cars_ros2/install/turtlesim/include/turtlesim/srv/spawn__functions.c
[23.728s] -- Installing: /home/khshih/self_driving_cars_ros2/install/turtlesim/include/turtlesim/srv/spawn__type_support.h
[23.728s] -- Installing: /home/khshih/self_driving_cars_ros2/install/turtlesim/include/turtlesim/srv/teleport_relative__functions.h
[23.728s] -- Installing: /home/khshih/self_driving_cars_ros2/install/turtlesim/include/turtlesim/srv/teleport_relative__functions.c
[23.729s] -- Installing: /home/khshih/self_driving_cars_ros2/install/turtlesim/include/turtlesim/srv/kill__struct.h
[23.729s] -- Installing: /home/khshih/self_driving_cars_ros2/install/turtlesim/include/turtlesim/srv/set_pen__functions.c
[23.729s] -- Installing: /home/khshih/self_driving_cars_ros2/install/turtlesim/include/turtlesim/srv/teleport_absolute__type_support.h
[23.729s] -- Installing: /home/khshih/self_driving_cars_ros2/install/turtlesim/include/turtlesim/srv/set_pen__struct.h
[23.729s] -- Installing: /home/khshih/self_driving_cars_ros2/install/turtlesim/include/turtlesim/srv/teleport_absolute__functions.c
[23.730s] -- Installing: /home/khshih/self_driving_cars_ros2/install/turtlesim/include/turtlesim/srv/set_pen.h
[23.730s] -- Installing: /home/khshih/self_driving_cars_ros2/install/turtlesim/include/turtlesim/srv/teleport_relative__struct.h
[23.730s] -- Installing: /home/khshih/self_driving_cars_ros2/install/turtlesim/include/turtlesim/srv/teleport_relative__type_support.h
[23.730s] -- Installing: /home/khshih/self_driving_cars_ros2/install/turtlesim/include/turtlesim/srv/spawn__functions.h
[23.730s] -- Installing: /home/khshih/self_driving_cars_ros2/install/turtlesim/include/turtlesim/srv/kill__functions.h
[23.730s] -- Installing: /home/khshih/self_driving_cars_ros2/install/turtlesim/include/turtlesim/srv/kill__functions.c
[23.730s] -- Installing: /home/khshih/self_driving_cars_ros2/install/turtlesim/include/turtlesim/srv/spawn__struct.h
[23.731s] -- Installing: /home/khshih/self_driving_cars_ros2/install/turtlesim/include/turtlesim/srv/kill__type_support.h
[23.731s] -- Installing: /home/khshih/self_driving_cars_ros2/install/turtlesim/include/turtlesim/srv/set_pen__type_support.h
[23.731s] -- Installing: /home/khshih/self_driving_cars_ros2/install/turtlesim/include/turtlesim/srv/teleport_absolute__functions.h
[23.731s] -- Installing: /home/khshih/self_driving_cars_ros2/install/turtlesim/include/turtlesim/srv/teleport_absolute.h
[23.731s] -- Installing: /home/khshih/self_driving_cars_ros2/install/turtlesim/include/turtlesim/srv/teleport_relative.h
[23.732s] -- Installing: /home/khshih/self_driving_cars_ros2/install/turtlesim/include/turtlesim/srv/kill.h
[23.732s] -- Installing: /home/khshih/self_driving_cars_ros2/install/turtlesim/include/turtlesim/srv/spawn.h
[23.732s] -- Installing: /home/khshih/self_driving_cars_ros2/install/turtlesim/include/turtlesim/srv/set_pen__functions.h
[23.732s] -- Installing: /home/khshih/self_driving_cars_ros2/install/turtlesim/include/turtlesim/srv/teleport_absolute__struct.h
[23.732s] -- Up-to-date: /home/khshih/self_driving_cars_ros2/install/turtlesim/include/turtlesim/action
[23.733s] -- Installing: /home/khshih/self_driving_cars_ros2/install/turtlesim/include/turtlesim/action/rotate_absolute__struct.h
[23.733s] -- Installing: /home/khshih/self_driving_cars_ros2/install/turtlesim/include/turtlesim/action/rotate_absolute__type_support.h
[23.733s] -- Installing: /home/khshih/self_driving_cars_ros2/install/turtlesim/include/turtlesim/action/rotate_absolute.h
[23.733s] -- Installing: /home/khshih/self_driving_cars_ros2/install/turtlesim/include/turtlesim/action/rotate_absolute__functions.h
[23.733s] -- Installing: /home/khshih/self_driving_cars_ros2/install/turtlesim/include/turtlesim/action/rotate_absolute__functions.c
[23.733s] -- Up-to-date: /home/khshih/self_driving_cars_ros2/install/turtlesim/include/turtlesim/msg
[23.734s] -- Installing: /home/khshih/self_driving_cars_ros2/install/turtlesim/include/turtlesim/msg/pose__struct.h
[23.734s] -- Installing: /home/khshih/self_driving_cars_ros2/install/turtlesim/include/turtlesim/msg/rosidl_generator_c__visibility_control.h
[23.734s] -- Installing: /home/khshih/self_driving_cars_ros2/install/turtlesim/include/turtlesim/msg/pose.h
[23.734s] -- Installing: /home/khshih/self_driving_cars_ros2/install/turtlesim/include/turtlesim/msg/pose__type_support.h
[23.734s] -- Installing: /home/khshih/self_driving_cars_ros2/install/turtlesim/include/turtlesim/msg/pose__functions.h
[23.734s] -- Installing: /home/khshih/self_driving_cars_ros2/install/turtlesim/include/turtlesim/msg/color.h
[23.735s] -- Installing: /home/khshih/self_driving_cars_ros2/install/turtlesim/include/turtlesim/msg/color__struct.h
[23.735s] -- Installing: /home/khshih/self_driving_cars_ros2/install/turtlesim/include/turtlesim/msg/color__type_support.h
[23.735s] -- Installing: /home/khshih/self_driving_cars_ros2/install/turtlesim/include/turtlesim/msg/pose__functions.c
[23.735s] -- Installing: /home/khshih/self_driving_cars_ros2/install/turtlesim/include/turtlesim/msg/color__functions.c
[23.735s] -- Installing: /home/khshih/self_driving_cars_ros2/install/turtlesim/include/turtlesim/msg/color__functions.h
[23.735s] -- Installing: /home/khshih/self_driving_cars_ros2/install/turtlesim/share/turtlesim/environment/library_path.sh
[23.736s] -- Installing: /home/khshih/self_driving_cars_ros2/install/turtlesim/lib/libturtlesim__rosidl_generator_c.so
[23.736s] -- Set runtime path of "/home/khshih/self_driving_cars_ros2/install/turtlesim/lib/libturtlesim__rosidl_generator_c.so" to ""
[23.736s] -- Installing: /home/khshih/self_driving_cars_ros2/install/turtlesim/lib/libturtlesim__rosidl_typesupport_c.so
[23.736s] -- Set runtime path of "/home/khshih/self_driving_cars_ros2/install/turtlesim/lib/libturtlesim__rosidl_typesupport_c.so" to ""
[23.736s] -- Installing: /home/khshih/self_driving_cars_ros2/install/turtlesim/lib/libturtlesim__rosidl_typesupport_cpp.so
[23.736s] -- Set runtime path of "/home/khshih/self_driving_cars_ros2/install/turtlesim/lib/libturtlesim__rosidl_typesupport_cpp.so" to ""
[23.736s] -- Up-to-date: /home/khshih/self_driving_cars_ros2/install/turtlesim/include/turtlesim
[23.736s] -- Up-to-date: /home/khshih/self_driving_cars_ros2/install/turtlesim/include/turtlesim/srv
[23.737s] -- Installing: /home/khshih/self_driving_cars_ros2/install/turtlesim/include/turtlesim/srv/teleport_absolute__type_support.c
[23.737s] -- Installing: /home/khshih/self_driving_cars_ros2/install/turtlesim/include/turtlesim/srv/set_pen__rosidl_typesupport_introspection_c.h
[23.737s] -- Installing: /home/khshih/self_driving_cars_ros2/install/turtlesim/include/turtlesim/srv/teleport_relative__rosidl_typesupport_introspection_c.h
[23.737s] -- Installing: /home/khshih/self_driving_cars_ros2/install/turtlesim/include/turtlesim/srv/kill__rosidl_typesupport_introspection_c.h
[23.737s] -- Installing: /home/khshih/self_driving_cars_ros2/install/turtlesim/include/turtlesim/srv/set_pen__type_support.c
[23.737s] -- Installing: /home/khshih/self_driving_cars_ros2/install/turtlesim/include/turtlesim/srv/kill__type_support.c
[23.737s] -- Installing: /home/khshih/self_driving_cars_ros2/install/turtlesim/include/turtlesim/srv/teleport_absolute__rosidl_typesupport_introspection_c.h
[23.738s] -- Installing: /home/khshih/self_driving_cars_ros2/install/turtlesim/include/turtlesim/srv/teleport_relative__type_support.c
[23.738s] -- Installing: /home/khshih/self_driving_cars_ros2/install/turtlesim/include/turtlesim/srv/spawn__rosidl_typesupport_introspection_c.h
[23.738s] -- Installing: /home/khshih/self_driving_cars_ros2/install/turtlesim/include/turtlesim/srv/spawn__type_support.c
[23.738s] -- Up-to-date: /home/khshih/self_driving_cars_ros2/install/turtlesim/include/turtlesim/action
[23.738s] -- Installing: /home/khshih/self_driving_cars_ros2/install/turtlesim/include/turtlesim/action/rotate_absolute__type_support.c
[23.738s] -- Installing: /home/khshih/self_driving_cars_ros2/install/turtlesim/include/turtlesim/action/rotate_absolute__rosidl_typesupport_introspection_c.h
[23.738s] -- Up-to-date: /home/khshih/self_driving_cars_ros2/install/turtlesim/include/turtlesim/msg
[23.738s] -- Installing: /home/khshih/self_driving_cars_ros2/install/turtlesim/include/turtlesim/msg/color__rosidl_typesupport_introspection_c.h
[23.738s] -- Installing: /home/khshih/self_driving_cars_ros2/install/turtlesim/include/turtlesim/msg/rosidl_typesupport_introspection_c__visibility_control.h
[23.739s] -- Installing: /home/khshih/self_driving_cars_ros2/install/turtlesim/include/turtlesim/msg/pose__rosidl_typesupport_introspection_c.h
[23.739s] -- Installing: /home/khshih/self_driving_cars_ros2/install/turtlesim/include/turtlesim/msg/color__type_support.c
[23.739s] -- Installing: /home/khshih/self_driving_cars_ros2/install/turtlesim/include/turtlesim/msg/pose__type_support.c
[23.739s] -- Installing: /home/khshih/self_driving_cars_ros2/install/turtlesim/lib/libturtlesim__rosidl_typesupport_introspection_c.so
[23.739s] -- Set runtime path of "/home/khshih/self_driving_cars_ros2/install/turtlesim/lib/libturtlesim__rosidl_typesupport_introspection_c.so" to ""
[23.739s] -- Up-to-date: /home/khshih/self_driving_cars_ros2/install/turtlesim/include/turtlesim
[23.740s] -- Up-to-date: /home/khshih/self_driving_cars_ros2/install/turtlesim/include/turtlesim/srv
[23.740s] -- Installing: /home/khshih/self_driving_cars_ros2/install/turtlesim/include/turtlesim/srv/spawn__type_support.cpp
[23.740s] -- Installing: /home/khshih/self_driving_cars_ros2/install/turtlesim/include/turtlesim/srv/spawn__rosidl_typesupport_introspection_cpp.hpp
[23.740s] -- Installing: /home/khshih/self_driving_cars_ros2/install/turtlesim/include/turtlesim/srv/kill__rosidl_typesupport_introspection_cpp.hpp
[23.740s] -- Installing: /home/khshih/self_driving_cars_ros2/install/turtlesim/include/turtlesim/srv/teleport_relative__type_support.cpp
[23.740s] -- Installing: /home/khshih/self_driving_cars_ros2/install/turtlesim/include/turtlesim/srv/teleport_absolute__type_support.cpp
[23.740s] -- Installing: /home/khshih/self_driving_cars_ros2/install/turtlesim/include/turtlesim/srv/teleport_absolute__rosidl_typesupport_introspection_cpp.hpp
[23.741s] -- Installing: /home/khshih/self_driving_cars_ros2/install/turtlesim/include/turtlesim/srv/set_pen__rosidl_typesupport_introspection_cpp.hpp
[23.741s] -- Installing: /home/khshih/self_driving_cars_ros2/install/turtlesim/include/turtlesim/srv/teleport_relative__rosidl_typesupport_introspection_cpp.hpp
[23.741s] -- Installing: /home/khshih/self_driving_cars_ros2/install/turtlesim/include/turtlesim/srv/kill__type_support.cpp
[23.741s] -- Installing: /home/khshih/self_driving_cars_ros2/install/turtlesim/include/turtlesim/srv/set_pen__type_support.cpp
[23.741s] -- Up-to-date: /home/khshih/self_driving_cars_ros2/install/turtlesim/include/turtlesim/action
[23.741s] -- Installing: /home/khshih/self_driving_cars_ros2/install/turtlesim/include/turtlesim/action/rotate_absolute__rosidl_typesupport_introspection_cpp.hpp
[23.741s] -- Installing: /home/khshih/self_driving_cars_ros2/install/turtlesim/include/turtlesim/action/rotate_absolute__type_support.cpp
[23.741s] -- Up-to-date: /home/khshih/self_driving_cars_ros2/install/turtlesim/include/turtlesim/msg
[23.742s] -- Installing: /home/khshih/self_driving_cars_ros2/install/turtlesim/include/turtlesim/msg/pose__rosidl_typesupport_introspection_cpp.hpp
[23.742s] -- Installing: /home/khshih/self_driving_cars_ros2/install/turtlesim/include/turtlesim/msg/pose__type_support.cpp
[23.742s] -- Installing: /home/khshih/self_driving_cars_ros2/install/turtlesim/include/turtlesim/msg/color__rosidl_typesupport_introspection_cpp.hpp
[23.742s] -- Installing: /home/khshih/self_driving_cars_ros2/install/turtlesim/include/turtlesim/msg/color__type_support.cpp
[23.742s] -- Installing: /home/khshih/self_driving_cars_ros2/install/turtlesim/lib/libturtlesim__rosidl_typesupport_introspection_cpp.so
[23.742s] -- Set runtime path of "/home/khshih/self_driving_cars_ros2/install/turtlesim/lib/libturtlesim__rosidl_typesupport_introspection_cpp.so" to ""
[23.742s] -- Up-to-date: /home/khshih/self_driving_cars_ros2/install/turtlesim/include/turtlesim
[23.742s] -- Up-to-date: /home/khshih/self_driving_cars_ros2/install/turtlesim/include/turtlesim/srv
[23.743s] -- Installing: /home/khshih/self_driving_cars_ros2/install/turtlesim/include/turtlesim/srv/teleport_relative__rosidl_typesupport_fastrtps_c.h
[23.743s] -- Installing: /home/khshih/self_driving_cars_ros2/install/turtlesim/include/turtlesim/srv/teleport_absolute__rosidl_typesupport_fastrtps_c.h
[23.743s] -- Installing: /home/khshih/self_driving_cars_ros2/install/turtlesim/include/turtlesim/srv/set_pen__rosidl_typesupport_fastrtps_c.h
[23.743s] -- Installing: /home/khshih/self_driving_cars_ros2/install/turtlesim/include/turtlesim/srv/kill__rosidl_typesupport_fastrtps_c.h
[23.743s] -- Installing: /home/khshih/self_driving_cars_ros2/install/turtlesim/include/turtlesim/srv/spawn__rosidl_typesupport_fastrtps_c.h
[23.743s] -- Up-to-date: /home/khshih/self_driving_cars_ros2/install/turtlesim/include/turtlesim/action
[23.743s] -- Installing: /home/khshih/self_driving_cars_ros2/install/turtlesim/include/turtlesim/action/rotate_absolute__rosidl_typesupport_fastrtps_c.h
[23.743s] -- Up-to-date: /home/khshih/self_driving_cars_ros2/install/turtlesim/include/turtlesim/msg
[23.743s] -- Installing: /home/khshih/self_driving_cars_ros2/install/turtlesim/include/turtlesim/msg/pose__rosidl_typesupport_fastrtps_c.h
[23.744s] -- Installing: /home/khshih/self_driving_cars_ros2/install/turtlesim/include/turtlesim/msg/rosidl_typesupport_fastrtps_c__visibility_control.h
[23.744s] -- Installing: /home/khshih/self_driving_cars_ros2/install/turtlesim/include/turtlesim/msg/color__rosidl_typesupport_fastrtps_c.h
[23.744s] -- Installing: /home/khshih/self_driving_cars_ros2/install/turtlesim/lib/libturtlesim__rosidl_typesupport_fastrtps_c.so
[23.744s] -- Set runtime path of "/home/khshih/self_driving_cars_ros2/install/turtlesim/lib/libturtlesim__rosidl_typesupport_fastrtps_c.so" to ""
[23.744s] -- Up-to-date: /home/khshih/self_driving_cars_ros2/install/turtlesim/include/turtlesim
[23.744s] -- Up-to-date: /home/khshih/self_driving_cars_ros2/install/turtlesim/include/turtlesim/srv
[23.744s] -- Installing: /home/khshih/self_driving_cars_ros2/install/turtlesim/include/turtlesim/srv/teleport_relative__rosidl_typesupport_fastrtps_cpp.hpp
[23.744s] -- Installing: /home/khshih/self_driving_cars_ros2/install/turtlesim/include/turtlesim/srv/dds_fastrtps
[23.744s] -- Installing: /home/khshih/self_driving_cars_ros2/install/turtlesim/include/turtlesim/srv/kill__rosidl_typesupport_fastrtps_cpp.hpp
[23.745s] -- Installing: /home/khshih/self_driving_cars_ros2/install/turtlesim/include/turtlesim/srv/teleport_absolute__rosidl_typesupport_fastrtps_cpp.hpp
[23.745s] -- Installing: /home/khshih/self_driving_cars_ros2/install/turtlesim/include/turtlesim/srv/spawn__rosidl_typesupport_fastrtps_cpp.hpp
[23.745s] -- Installing: /home/khshih/self_driving_cars_ros2/install/turtlesim/include/turtlesim/srv/set_pen__rosidl_typesupport_fastrtps_cpp.hpp
[23.745s] -- Up-to-date: /home/khshih/self_driving_cars_ros2/install/turtlesim/include/turtlesim/action
[23.745s] -- Installing: /home/khshih/self_driving_cars_ros2/install/turtlesim/include/turtlesim/action/dds_fastrtps
[23.745s] -- Installing: /home/khshih/self_driving_cars_ros2/install/turtlesim/include/turtlesim/action/rotate_absolute__rosidl_typesupport_fastrtps_cpp.hpp
[23.746s] -- Up-to-date: /home/khshih/self_driving_cars_ros2/install/turtlesim/include/turtlesim/msg
[23.746s] -- Installing: /home/khshih/self_driving_cars_ros2/install/turtlesim/include/turtlesim/msg/dds_fastrtps
[23.746s] -- Installing: /home/khshih/self_driving_cars_ros2/install/turtlesim/include/turtlesim/msg/pose__rosidl_typesupport_fastrtps_cpp.hpp
[23.746s] -- Installing: /home/khshih/self_driving_cars_ros2/install/turtlesim/include/turtlesim/msg/rosidl_typesupport_fastrtps_cpp__visibility_control.h
[23.746s] -- Installing: /home/khshih/self_driving_cars_ros2/install/turtlesim/include/turtlesim/msg/color__rosidl_typesupport_fastrtps_cpp.hpp
[23.747s] -- Installing: /home/khshih/self_driving_cars_ros2/install/turtlesim/lib/libturtlesim__rosidl_typesupport_fastrtps_cpp.so
[23.747s] -- Set runtime path of "/home/khshih/self_driving_cars_ros2/install/turtlesim/lib/libturtlesim__rosidl_typesupport_fastrtps_cpp.so" to ""
[23.747s] -- Installing: /home/khshih/self_driving_cars_ros2/install/turtlesim/share/turtlesim/environment/pythonpath.sh
[23.747s] -- Installing: /home/khshih/self_driving_cars_ros2/install/turtlesim/lib/python3.6/site-packages/turtlesim/__init__.py
[23.780s] Compiling '/home/khshih/self_driving_cars_ros2/install/turtlesim/lib/python3.6/site-packages/turtlesim/__init__.py'...
[23.785s] -- Installing: /home/khshih/self_driving_cars_ros2/install/turtlesim/lib/python3.6/site-packages/turtlesim/action
[23.785s] -- Installing: /home/khshih/self_driving_cars_ros2/install/turtlesim/lib/python3.6/site-packages/turtlesim/action/_rotate_absolute_s.c
[23.786s] -- Installing: /home/khshih/self_driving_cars_ros2/install/turtlesim/lib/python3.6/site-packages/turtlesim/action/_rotate_absolute.py
[23.786s] -- Installing: /home/khshih/self_driving_cars_ros2/install/turtlesim/lib/python3.6/site-packages/turtlesim/action/__init__.py
[23.786s] -- Installing: /home/khshih/self_driving_cars_ros2/install/turtlesim/lib/python3.6/site-packages/turtlesim/msg
[23.786s] -- Installing: /home/khshih/self_driving_cars_ros2/install/turtlesim/lib/python3.6/site-packages/turtlesim/msg/_pose.py
[23.787s] -- Installing: /home/khshih/self_driving_cars_ros2/install/turtlesim/lib/python3.6/site-packages/turtlesim/msg/_color.py
[23.787s] -- Installing: /home/khshih/self_driving_cars_ros2/install/turtlesim/lib/python3.6/site-packages/turtlesim/msg/_pose_s.c
[23.787s] -- Installing: /home/khshih/self_driving_cars_ros2/install/turtlesim/lib/python3.6/site-packages/turtlesim/msg/__init__.py
[23.787s] -- Installing: /home/khshih/self_driving_cars_ros2/install/turtlesim/lib/python3.6/site-packages/turtlesim/msg/_color_s.c
[23.788s] -- Installing: /home/khshih/self_driving_cars_ros2/install/turtlesim/lib/python3.6/site-packages/turtlesim/srv
[23.788s] -- Installing: /home/khshih/self_driving_cars_ros2/install/turtlesim/lib/python3.6/site-packages/turtlesim/srv/_set_pen_s.c
[23.788s] -- Installing: /home/khshih/self_driving_cars_ros2/install/turtlesim/lib/python3.6/site-packages/turtlesim/srv/_teleport_relative_s.c
[23.788s] -- Installing: /home/khshih/self_driving_cars_ros2/install/turtlesim/lib/python3.6/site-packages/turtlesim/srv/_teleport_absolute.py
[23.788s] -- Installing: /home/khshih/self_driving_cars_ros2/install/turtlesim/lib/python3.6/site-packages/turtlesim/srv/_teleport_relative.py
[23.789s] -- Installing: /home/khshih/self_driving_cars_ros2/install/turtlesim/lib/python3.6/site-packages/turtlesim/srv/_spawn_s.c
[23.789s] -- Installing: /home/khshih/self_driving_cars_ros2/install/turtlesim/lib/python3.6/site-packages/turtlesim/srv/_kill_s.c
[23.789s] -- Installing: /home/khshih/self_driving_cars_ros2/install/turtlesim/lib/python3.6/site-packages/turtlesim/srv/_teleport_absolute_s.c
[23.789s] -- Installing: /home/khshih/self_driving_cars_ros2/install/turtlesim/lib/python3.6/site-packages/turtlesim/srv/_spawn.py
[23.790s] -- Installing: /home/khshih/self_driving_cars_ros2/install/turtlesim/lib/python3.6/site-packages/turtlesim/srv/__init__.py
[23.790s] -- Installing: /home/khshih/self_driving_cars_ros2/install/turtlesim/lib/python3.6/site-packages/turtlesim/srv/_kill.py
[23.790s] -- Installing: /home/khshih/self_driving_cars_ros2/install/turtlesim/lib/python3.6/site-packages/turtlesim/srv/_set_pen.py
[23.790s] -- Installing: /home/khshih/self_driving_cars_ros2/install/turtlesim/lib/python3.6/site-packages/turtlesim/turtlesim_s__rosidl_typesupport_c.cpython-36m-x86_64-linux-gnu.so
[23.791s] -- Set runtime path of "/home/khshih/self_driving_cars_ros2/install/turtlesim/lib/python3.6/site-packages/turtlesim/turtlesim_s__rosidl_typesupport_c.cpython-36m-x86_64-linux-gnu.so" to ""
[23.791s] -- Installing: /home/khshih/self_driving_cars_ros2/install/turtlesim/lib/python3.6/site-packages/turtlesim/turtlesim_s__rosidl_typesupport_fastrtps_c.cpython-36m-x86_64-linux-gnu.so
[23.791s] -- Set runtime path of "/home/khshih/self_driving_cars_ros2/install/turtlesim/lib/python3.6/site-packages/turtlesim/turtlesim_s__rosidl_typesupport_fastrtps_c.cpython-36m-x86_64-linux-gnu.so" to ""
[23.792s] -- Installing: /home/khshih/self_driving_cars_ros2/install/turtlesim/lib/libturtlesim__python.so
[23.792s] -- Set runtime path of "/home/khshih/self_driving_cars_ros2/install/turtlesim/lib/libturtlesim__python.so" to ""
[23.792s] -- Installing: /home/khshih/self_driving_cars_ros2/install/turtlesim/share/turtlesim/action/RotateAbsolute.idl
[23.792s] -- Installing: /home/khshih/self_driving_cars_ros2/install/turtlesim/share/turtlesim/msg/Color.idl
[23.793s] -- Installing: /home/khshih/self_driving_cars_ros2/install/turtlesim/share/turtlesim/msg/Pose.idl
[23.793s] -- Installing: /home/khshih/self_driving_cars_ros2/install/turtlesim/share/turtlesim/srv/Kill.idl
[23.793s] -- Installing: /home/khshih/self_driving_cars_ros2/install/turtlesim/share/turtlesim/srv/SetPen.idl
[23.793s] -- Installing: /home/khshih/self_driving_cars_ros2/install/turtlesim/share/turtlesim/srv/Spawn.idl
[23.793s] -- Installing: /home/khshih/self_driving_cars_ros2/install/turtlesim/share/turtlesim/srv/TeleportAbsolute.idl
[23.794s] -- Installing: /home/khshih/self_driving_cars_ros2/install/turtlesim/share/turtlesim/srv/TeleportRelative.idl
[23.794s] -- Installing: /home/khshih/self_driving_cars_ros2/install/turtlesim/share/turtlesim/action/RotateAbsolute.action
[23.794s] -- Installing: /home/khshih/self_driving_cars_ros2/install/turtlesim/share/turtlesim/msg/Color.msg
[23.794s] -- Installing: /home/khshih/self_driving_cars_ros2/install/turtlesim/share/turtlesim/msg/Pose.msg
[23.794s] -- Installing: /home/khshih/self_driving_cars_ros2/install/turtlesim/share/turtlesim/srv/Kill.srv
[23.795s] -- Installing: /home/khshih/self_driving_cars_ros2/install/turtlesim/share/turtlesim/srv/Kill_Request.msg
[23.795s] -- Installing: /home/khshih/self_driving_cars_ros2/install/turtlesim/share/turtlesim/srv/Kill_Response.msg
[23.795s] -- Installing: /home/khshih/self_driving_cars_ros2/install/turtlesim/share/turtlesim/srv/SetPen.srv
[23.795s] -- Installing: /home/khshih/self_driving_cars_ros2/install/turtlesim/share/turtlesim/srv/SetPen_Request.msg
[23.795s] -- Installing: /home/khshih/self_driving_cars_ros2/install/turtlesim/share/turtlesim/srv/SetPen_Response.msg
[23.795s] -- Installing: /home/khshih/self_driving_cars_ros2/install/turtlesim/share/turtlesim/srv/Spawn.srv
[23.796s] -- Installing: /home/khshih/self_driving_cars_ros2/install/turtlesim/share/turtlesim/srv/Spawn_Request.msg
[23.796s] -- Installing: /home/khshih/self_driving_cars_ros2/install/turtlesim/share/turtlesim/srv/Spawn_Response.msg
[23.796s] -- Installing: /home/khshih/self_driving_cars_ros2/install/turtlesim/share/turtlesim/srv/TeleportAbsolute.srv
[23.796s] -- Installing: /home/khshih/self_driving_cars_ros2/install/turtlesim/share/turtlesim/srv/TeleportAbsolute_Request.msg
[23.797s] -- Installing: /home/khshih/self_driving_cars_ros2/install/turtlesim/share/turtlesim/srv/TeleportAbsolute_Response.msg
[23.797s] -- Installing: /home/khshih/self_driving_cars_ros2/install/turtlesim/share/turtlesim/srv/TeleportRelative.srv
[23.797s] -- Installing: /home/khshih/self_driving_cars_ros2/install/turtlesim/share/turtlesim/srv/TeleportRelative_Request.msg
[23.797s] -- Installing: /home/khshih/self_driving_cars_ros2/install/turtlesim/share/turtlesim/srv/TeleportRelative_Response.msg
[23.797s] -- Installing: /home/khshih/self_driving_cars_ros2/install/turtlesim/lib/turtlesim/turtlesim_node
[23.798s] -- Set runtime path of "/home/khshih/self_driving_cars_ros2/install/turtlesim/lib/turtlesim/turtlesim_node" to ""
[23.798s] -- Installing: /home/khshih/self_driving_cars_ros2/install/turtlesim/lib/turtlesim/turtle_teleop_key
[23.798s] -- Set runtime path of "/home/khshih/self_driving_cars_ros2/install/turtlesim/lib/turtlesim/turtle_teleop_key" to ""
[23.798s] -- Installing: /home/khshih/self_driving_cars_ros2/install/turtlesim/lib/turtlesim/draw_square
[23.799s] -- Set runtime path of "/home/khshih/self_driving_cars_ros2/install/turtlesim/lib/turtlesim/draw_square" to ""
[23.799s] -- Installing: /home/khshih/self_driving_cars_ros2/install/turtlesim/lib/turtlesim/mimic
[23.801s] -- Set runtime path of "/home/khshih/self_driving_cars_ros2/install/turtlesim/lib/turtlesim/mimic" to ""
[23.801s] -- Installing: /home/khshih/self_driving_cars_ros2/install/turtlesim/share/turtlesim/images
[23.802s] -- Installing: /home/khshih/self_driving_cars_ros2/install/turtlesim/share/turtlesim/images/bouncy.png
[23.802s] -- Installing: /home/khshih/self_driving_cars_ros2/install/turtlesim/share/turtlesim/images/ardent.png
[23.802s] -- Installing: /home/khshih/self_driving_cars_ros2/install/turtlesim/share/turtlesim/images/crystal.png
[23.802s] -- Installing: /home/khshih/self_driving_cars_ros2/install/turtlesim/share/turtlesim/images/dashing.png
[23.802s] -- Installing: /home/khshih/self_driving_cars_ros2/install/turtlesim/share/turtlesim/launch
[23.803s] -- Installing: /home/khshih/self_driving_cars_ros2/install/turtlesim/share/turtlesim/launch/multisim.launch.py
[23.803s] -- Installing: /home/khshih/self_driving_cars_ros2/install/turtlesim/share/ament_index/resource_index/package_run_dependencies/turtlesim
[23.803s] -- Installing: /home/khshih/self_driving_cars_ros2/install/turtlesim/share/ament_index/resource_index/parent_prefix_path/turtlesim
[23.803s] -- Installing: /home/khshih/self_driving_cars_ros2/install/turtlesim/share/turtlesim/environment/ament_prefix_path.sh
[23.804s] -- Installing: /home/khshih/self_driving_cars_ros2/install/turtlesim/share/turtlesim/environment/path.sh
[23.804s] -- Installing: /home/khshih/self_driving_cars_ros2/install/turtlesim/share/turtlesim/local_setup.bash
[23.804s] -- Installing: /home/khshih/self_driving_cars_ros2/install/turtlesim/share/turtlesim/local_setup.sh
[23.805s] -- Installing: /home/khshih/self_driving_cars_ros2/install/turtlesim/share/turtlesim/local_setup.zsh
[23.805s] -- Installing: /home/khshih/self_driving_cars_ros2/install/turtlesim/share/ament_index/resource_index/packages/turtlesim
[23.805s] -- Installing: /home/khshih/self_driving_cars_ros2/install/turtlesim/share/turtlesim/cmake/rosidl_cmake-extras.cmake
[23.805s] -- Installing: /home/khshih/self_driving_cars_ros2/install/turtlesim/share/turtlesim/cmake/ament_cmake_export_dependencies-extras.cmake
[23.805s] -- Installing: /home/khshih/self_driving_cars_ros2/install/turtlesim/share/turtlesim/cmake/ament_cmake_export_include_directories-extras.cmake
[23.806s] -- Installing: /home/khshih/self_driving_cars_ros2/install/turtlesim/share/turtlesim/cmake/ament_cmake_export_libraries-extras.cmake
[23.806s] -- Installing: /home/khshih/self_driving_cars_ros2/install/turtlesim/share/turtlesim/cmake/turtlesimConfig.cmake
[23.806s] -- Installing: /home/khshih/self_driving_cars_ros2/install/turtlesim/share/turtlesim/cmake/turtlesimConfig-version.cmake
[23.806s] -- Installing: /home/khshih/self_driving_cars_ros2/install/turtlesim/share/turtlesim/package.xml
[23.813s] Invoked command in '/home/khshih/self_driving_cars_ros2/build/turtlesim' returned '0': CMAKE_PREFIX_PATH=/opt/ros/dashing:${CMAKE_PREFIX_PATH} /usr/bin/cmake --build /home/khshih/self_driving_cars_ros2/build/turtlesim --target install -- -j8 -l8
