[0.351s] Invoking command in '/home/khshih/self_driving_cars_ros2/src/py_pubsub': PYTHONPATH=/home/khshih/self_driving_cars_ros2/install/py_pubsub/lib/python3.6/site-packages:${PYTHONPATH} /usr/bin/python3 setup.py egg_info --egg-base /home/khshih/self_driving_cars_ros2/build/py_pubsub build --build-base /home/khshih/self_driving_cars_ros2/build/py_pubsub/build install --prefix /home/khshih/self_driving_cars_ros2/install/py_pubsub --record /home/khshih/self_driving_cars_ros2/build/py_pubsub/install.log --single-version-externally-managed
[0.692s] running egg_info
[0.692s] creating /home/khshih/self_driving_cars_ros2/build/py_pubsub/py_pubsub.egg-info
[0.693s] writing /home/khshih/self_driving_cars_ros2/build/py_pubsub/py_pubsub.egg-info/PKG-INFO
[0.693s] writing dependency_links to /home/khshih/self_driving_cars_ros2/build/py_pubsub/py_pubsub.egg-info/dependency_links.txt
[0.694s] writing entry points to /home/khshih/self_driving_cars_ros2/build/py_pubsub/py_pubsub.egg-info/entry_points.txt
[0.694s] writing requirements to /home/khshih/self_driving_cars_ros2/build/py_pubsub/py_pubsub.egg-info/requires.txt
[0.694s] writing top-level names to /home/khshih/self_driving_cars_ros2/build/py_pubsub/py_pubsub.egg-info/top_level.txt
[0.694s] writing manifest file '/home/khshih/self_driving_cars_ros2/build/py_pubsub/py_pubsub.egg-info/SOURCES.txt'
[0.741s] reading manifest file '/home/khshih/self_driving_cars_ros2/build/py_pubsub/py_pubsub.egg-info/SOURCES.txt'
[0.743s] writing manifest file '/home/khshih/self_driving_cars_ros2/build/py_pubsub/py_pubsub.egg-info/SOURCES.txt'
[0.743s] running build
[0.743s] running build_py
[0.743s] creating /home/khshih/self_driving_cars_ros2/build/py_pubsub/build
[0.743s] creating /home/khshih/self_driving_cars_ros2/build/py_pubsub/build/lib
[0.744s] creating /home/khshih/self_driving_cars_ros2/build/py_pubsub/build/lib/py_pubsub
[0.744s] copying py_pubsub/publisher_member_function.py -> /home/khshih/self_driving_cars_ros2/build/py_pubsub/build/lib/py_pubsub
[0.744s] copying py_pubsub/subscriber_member_function.py -> /home/khshih/self_driving_cars_ros2/build/py_pubsub/build/lib/py_pubsub
[0.744s] copying py_pubsub/__init__.py -> /home/khshih/self_driving_cars_ros2/build/py_pubsub/build/lib/py_pubsub
[0.744s] running install
[0.745s] running install_lib
[0.746s] creating /home/khshih/self_driving_cars_ros2/install/py_pubsub/lib/python3.6/site-packages/py_pubsub
[0.747s] copying /home/khshih/self_driving_cars_ros2/build/py_pubsub/build/lib/py_pubsub/publisher_member_function.py -> /home/khshih/self_driving_cars_ros2/install/py_pubsub/lib/python3.6/site-packages/py_pubsub
[0.747s] copying /home/khshih/self_driving_cars_ros2/build/py_pubsub/build/lib/py_pubsub/subscriber_member_function.py -> /home/khshih/self_driving_cars_ros2/install/py_pubsub/lib/python3.6/site-packages/py_pubsub
[0.747s] copying /home/khshih/self_driving_cars_ros2/build/py_pubsub/build/lib/py_pubsub/__init__.py -> /home/khshih/self_driving_cars_ros2/install/py_pubsub/lib/python3.6/site-packages/py_pubsub
[0.747s] byte-compiling /home/khshih/self_driving_cars_ros2/install/py_pubsub/lib/python3.6/site-packages/py_pubsub/publisher_member_function.py to publisher_member_function.cpython-36.pyc
[0.748s] byte-compiling /home/khshih/self_driving_cars_ros2/install/py_pubsub/lib/python3.6/site-packages/py_pubsub/subscriber_member_function.py to subscriber_member_function.cpython-36.pyc
[0.748s] byte-compiling /home/khshih/self_driving_cars_ros2/install/py_pubsub/lib/python3.6/site-packages/py_pubsub/__init__.py to __init__.cpython-36.pyc
[0.748s] running install_data
[0.749s] creating /home/khshih/self_driving_cars_ros2/install/py_pubsub/share/ament_index
[0.750s] creating /home/khshih/self_driving_cars_ros2/install/py_pubsub/share/ament_index/resource_index
[0.750s] creating /home/khshih/self_driving_cars_ros2/install/py_pubsub/share/ament_index/resource_index/packages
[0.750s] copying resource/py_pubsub -> /home/khshih/self_driving_cars_ros2/install/py_pubsub/share/ament_index/resource_index/packages
[0.750s] copying package.xml -> /home/khshih/self_driving_cars_ros2/install/py_pubsub/share/py_pubsub
[0.751s] running install_egg_info
[0.752s] Copying /home/khshih/self_driving_cars_ros2/build/py_pubsub/py_pubsub.egg-info to /home/khshih/self_driving_cars_ros2/install/py_pubsub/lib/python3.6/site-packages/py_pubsub-0.0.0-py3.6.egg-info
[0.754s] running install_scripts
[0.782s] Installing listener script to /home/khshih/self_driving_cars_ros2/install/py_pubsub/lib/py_pubsub
[0.782s] Installing talker script to /home/khshih/self_driving_cars_ros2/install/py_pubsub/lib/py_pubsub
[0.782s] writing list of installed files to '/home/khshih/self_driving_cars_ros2/build/py_pubsub/install.log'
[0.810s] Invoked command in '/home/khshih/self_driving_cars_ros2/src/py_pubsub' returned '0': PYTHONPATH=/home/khshih/self_driving_cars_ros2/install/py_pubsub/lib/python3.6/site-packages:${PYTHONPATH} /usr/bin/python3 setup.py egg_info --egg-base /home/khshih/self_driving_cars_ros2/build/py_pubsub build --build-base /home/khshih/self_driving_cars_ros2/build/py_pubsub/build install --prefix /home/khshih/self_driving_cars_ros2/install/py_pubsub --record /home/khshih/self_driving_cars_ros2/build/py_pubsub/install.log --single-version-externally-managed
