[0.264s] Invoking command in '/home/khshih/self_driving_cars_ros2/src/py_pubsub': PYTHONPATH=/home/khshih/self_driving_cars_ros2/install/py_pubsub/lib/python3.6/site-packages:${PYTHONPATH} /usr/bin/python3 setup.py egg_info --egg-base /home/khshih/self_driving_cars_ros2/build/py_pubsub build --build-base /home/khshih/self_driving_cars_ros2/build/py_pubsub/build install --prefix /home/khshih/self_driving_cars_ros2/install/py_pubsub --record /home/khshih/self_driving_cars_ros2/build/py_pubsub/install.log --single-version-externally-managed
[0.489s] running egg_info
[0.490s] writing /home/khshih/self_driving_cars_ros2/build/py_pubsub/py_pubsub.egg-info/PKG-INFO
[0.490s] writing dependency_links to /home/khshih/self_driving_cars_ros2/build/py_pubsub/py_pubsub.egg-info/dependency_links.txt
[0.490s] writing entry points to /home/khshih/self_driving_cars_ros2/build/py_pubsub/py_pubsub.egg-info/entry_points.txt
[0.491s] writing requirements to /home/khshih/self_driving_cars_ros2/build/py_pubsub/py_pubsub.egg-info/requires.txt
[0.491s] writing top-level names to /home/khshih/self_driving_cars_ros2/build/py_pubsub/py_pubsub.egg-info/top_level.txt
[0.528s] reading manifest file '/home/khshih/self_driving_cars_ros2/build/py_pubsub/py_pubsub.egg-info/SOURCES.txt'
[0.530s] writing manifest file '/home/khshih/self_driving_cars_ros2/build/py_pubsub/py_pubsub.egg-info/SOURCES.txt'
[0.530s] running build
[0.530s] running build_py
[0.531s] running install
[0.531s] running install_lib
[0.533s] running install_data
[0.534s] running install_egg_info
[0.536s] removing '/home/khshih/self_driving_cars_ros2/install/py_pubsub/lib/python3.6/site-packages/py_pubsub-0.0.0-py3.6.egg-info' (and everything under it)
[0.536s] Copying /home/khshih/self_driving_cars_ros2/build/py_pubsub/py_pubsub.egg-info to /home/khshih/self_driving_cars_ros2/install/py_pubsub/lib/python3.6/site-packages/py_pubsub-0.0.0-py3.6.egg-info
[0.538s] running install_scripts
[0.558s] Installing listener script to /home/khshih/self_driving_cars_ros2/install/py_pubsub/lib/py_pubsub
[0.558s] Installing talker script to /home/khshih/self_driving_cars_ros2/install/py_pubsub/lib/py_pubsub
[0.558s] writing list of installed files to '/home/khshih/self_driving_cars_ros2/build/py_pubsub/install.log'
[0.581s] Invoked command in '/home/khshih/self_driving_cars_ros2/src/py_pubsub' returned '0': PYTHONPATH=/home/khshih/self_driving_cars_ros2/install/py_pubsub/lib/python3.6/site-packages:${PYTHONPATH} /usr/bin/python3 setup.py egg_info --egg-base /home/khshih/self_driving_cars_ros2/build/py_pubsub build --build-base /home/khshih/self_driving_cars_ros2/build/py_pubsub/build install --prefix /home/khshih/self_driving_cars_ros2/install/py_pubsub --record /home/khshih/self_driving_cars_ros2/build/py_pubsub/install.log --single-version-externally-managed
