Determining if the pthread_create exist failed with the following output:
Change Dir: /home/khshih/self_driving_cars_ros2/build/turtlesim/CMakeFiles/CMakeTmp

Run Build Command:"/usr/bin/make" "cmTC_2b501/fast"
/usr/bin/make -f CMakeFiles/cmTC_2b501.dir/build.make CMakeFiles/cmTC_2b501.dir/build
make[1]: Entering directory '/home/khshih/self_driving_cars_ros2/build/turtlesim/CMakeFiles/CMakeTmp'
Building C object CMakeFiles/cmTC_2b501.dir/CheckSymbolExists.c.o
/usr/bin/cc    -o CMakeFiles/cmTC_2b501.dir/CheckSymbolExists.c.o   -c /home/khshih/self_driving_cars_ros2/build/turtlesim/CMakeFiles/CMakeTmp/CheckSymbolExists.c
Linking C executable cmTC_2b501
/usr/bin/cmake -E cmake_link_script CMakeFiles/cmTC_2b501.dir/link.txt --verbose=1
/usr/bin/cc      CMakeFiles/cmTC_2b501.dir/CheckSymbolExists.c.o  -o cmTC_2b501 
CMakeFiles/cmTC_2b501.dir/CheckSymbolExists.c.o: In function `main':
CheckSymbolExists.c:(.text+0x1b): undefined reference to `pthread_create'
collect2: error: ld returned 1 exit status
CMakeFiles/cmTC_2b501.dir/build.make:97: recipe for target 'cmTC_2b501' failed
make[1]: *** [cmTC_2b501] Error 1
make[1]: Leaving directory '/home/khshih/self_driving_cars_ros2/build/turtlesim/CMakeFiles/CMakeTmp'
Makefile:126: recipe for target 'cmTC_2b501/fast' failed
make: *** [cmTC_2b501/fast] Error 2

File /home/khshih/self_driving_cars_ros2/build/turtlesim/CMakeFiles/CMakeTmp/CheckSymbolExists.c:
/* */
#include <pthread.h>

int main(int argc, char** argv)
{
  (void)argv;
#ifndef pthread_create
  return ((int*)(&pthread_create))[argc];
#else
  (void)argc;
  return 0;
#endif
}

Determining if the function pthread_create exists in the pthreads failed with the following output:
Change Dir: /home/khshih/self_driving_cars_ros2/build/turtlesim/CMakeFiles/CMakeTmp

Run Build Command:"/usr/bin/make" "cmTC_21b37/fast"
/usr/bin/make -f CMakeFiles/cmTC_21b37.dir/build.make CMakeFiles/cmTC_21b37.dir/build
make[1]: Entering directory '/home/khshih/self_driving_cars_ros2/build/turtlesim/CMakeFiles/CMakeTmp'
Building C object CMakeFiles/cmTC_21b37.dir/CheckFunctionExists.c.o
/usr/bin/cc   -DCHECK_FUNCTION_EXISTS=pthread_create   -o CMakeFiles/cmTC_21b37.dir/CheckFunctionExists.c.o   -c /usr/share/cmake-3.10/Modules/CheckFunctionExists.c
Linking C executable cmTC_21b37
/usr/bin/cmake -E cmake_link_script CMakeFiles/cmTC_21b37.dir/link.txt --verbose=1
/usr/bin/cc  -DCHECK_FUNCTION_EXISTS=pthread_create    CMakeFiles/cmTC_21b37.dir/CheckFunctionExists.c.o  -o cmTC_21b37 -lpthreads 
/usr/bin/x86_64-linux-gnu-ld: cannot find -lpthreads
collect2: error: ld returned 1 exit status
CMakeFiles/cmTC_21b37.dir/build.make:97: recipe for target 'cmTC_21b37' failed
make[1]: *** [cmTC_21b37] Error 1
make[1]: Leaving directory '/home/khshih/self_driving_cars_ros2/build/turtlesim/CMakeFiles/CMakeTmp'
Makefile:126: recipe for target 'cmTC_21b37/fast' failed
make: *** [cmTC_21b37/fast] Error 2


